Using pre-set license
Built from '2020.3/staging' branch; Version is '2020.3.6f1 (338bb68529b2) revision 3378102'; Using compiler version '192528614'; Build Type 'Release'
OS: 'Windows 10 Pro; OS build 19043.1466; Version 2009; 64bit' Language: 'en' Physical Memory: 7568 MB
BatchMode: 1, IsHumanControllingUs: 0, StartBugReporterOnCrash: 0, Is64bit: 1, IsPro: 0

 COMMAND LINE ARGUMENTS:
D:\Unity\Hub\Editor\2020.3.6f1\Editor\Unity.exe
-adb2
-batchMode
-noUpm
-name
AssetImportWorker1
-projectPath
D:/Game Development/Respository/Final Projects/Defender Prototype
-logFile
Logs/AssetImportWorker1.log
-srvPort
54981
Successfully changed project path to: D:/Game Development/Respository/Final Projects/Defender Prototype
D:/Game Development/Respository/Final Projects/Defender Prototype
Using Asset Import Pipeline V2.
Refreshing native plugins compatible for Editor in 35.83 ms, found 0 plugins.
Preloading 0 native plugins for Editor in 0.00 ms.
Initialize engine version: 2020.3.6f1 (338bb68529b2)
[Subsystems] Discovering subsystems at path D:/Unity/Hub/Editor/2020.3.6f1/Editor/Data/Resources/UnitySubsystems
[Subsystems] Discovering subsystems at path D:/Game Development/Respository/Final Projects/Defender Prototype/Assets
GfxDevice: creating device client; threaded=0
Direct3D:
    Version:  Direct3D 11.0 [level 11.1]
    Renderer: AMD Radeon(TM) Graphics (ID=0x1636)
    Vendor:   
    VRAM:     3784 MB
    Driver:   30.0.13023.1012
Initialize mono
Mono path[0] = 'D:/Unity/Hub/Editor/2020.3.6f1/Editor/Data/Managed'
Mono path[1] = 'D:/Unity/Hub/Editor/2020.3.6f1/Editor/Data/MonoBleedingEdge/lib/mono/unityjit'
Mono config path = 'D:/Unity/Hub/Editor/2020.3.6f1/Editor/Data/MonoBleedingEdge/etc'
Using monoOptions --debugger-agent=transport=dt_socket,embedding=1,server=y,suspend=n,address=127.0.0.1:56412
Begin MonoManager ReloadAssembly
Registering precompiled unity dll's ...
Register platform support module: D:/Unity/Hub/Editor/2020.3.6f1/Editor/Data/PlaybackEngines/WebGLSupport/UnityEditor.WebGL.Extensions.dll
Register platform support module: D:/Unity/Hub/Editor/2020.3.6f1/Editor/Data/PlaybackEngines/WindowsStandaloneSupport/UnityEditor.WindowsStandalone.Extensions.dll
Registered in 0.001949 seconds.
Native extension for WindowsStandalone target not found
Native extension for WebGL target not found
Refreshing native plugins compatible for Editor in 21.81 ms, found 0 plugins.
Preloading 0 native plugins for Editor in 0.00 ms.
Mono: successfully reloaded assembly
- Completed reload, in  2.904 seconds
Platform modules already initialized, skipping
Registering precompiled user dll's ...
Registered in 0.001024 seconds.
Begin MonoManager ReloadAssembly
Native extension for WindowsStandalone target not found
Native extension for WebGL target not found
Refreshing native plugins compatible for Editor in 0.53 ms, found 0 plugins.
Preloading 0 native plugins for Editor in 0.00 ms.
Mono: successfully reloaded assembly
- Completed reload, in  0.931 seconds
Platform modules already initialized, skipping
========================================================================
Worker process is ready to serve import requests
Launched and connected shader compiler UnityShaderCompiler.exe after 0.06 seconds
Refreshing native plugins compatible for Editor in 0.28 ms, found 0 plugins.
Preloading 0 native plugins for Editor in 0.00 ms.
Unloading 1131 Unused Serialized files (Serialized files now loaded: 0)
System memory in use before: 59.4 MB.
System memory in use after: 59.4 MB.

Unloading 10 unused Assets to reduce memory usage. Loaded Objects now: 1573.
Total: 1.979100 ms (FindLiveObjects: 0.187500 ms CreateObjectMapping: 0.037300 ms MarkObjects: 1.658000 ms  DeleteObjects: 0.094700 ms)

========================================================================
Received Import Request.
  path: Assets/Tiles/Tile.prefab
  artifactKey: Guid(6b44cbedbd065754ebe48eb73d1fff5f) Importer(815301076,1909f56bfc062723c751e8b465ee728b)
Start importing Assets/Tiles/Tile.prefab using Guid(6b44cbedbd065754ebe48eb73d1fff5f) Importer(815301076,1909f56bfc062723c751e8b465ee728b)  -> (artifact id: '19e6c22357f7c1c60c370d4dcec39667') in 0.556981 seconds
  Import took 0.585916 seconds .

========================================================================
Received Import Request.
  Time since last request: 1.335390 seconds.
  path: Assets/Tiles/Tile.prefab
  artifactKey: Guid(6b44cbedbd065754ebe48eb73d1fff5f) Importer(815301076,1909f56bfc062723c751e8b465ee728b)
Start importing Assets/Tiles/Tile.prefab using Guid(6b44cbedbd065754ebe48eb73d1fff5f) Importer(815301076,1909f56bfc062723c751e8b465ee728b)  -> (artifact id: '08e0c2babdc01ae3dcfc2ca5a2425a92') in 0.050618 seconds
  Import took 0.053828 seconds .

========================================================================
Received Import Request.
  Time since last request: 0.007687 seconds.
  path: Assets/Tiles/Tile.prefab
  artifactKey: Guid(6b44cbedbd065754ebe48eb73d1fff5f) Importer(815301076,1909f56bfc062723c751e8b465ee728b)
Start importing Assets/Tiles/Tile.prefab using Guid(6b44cbedbd065754ebe48eb73d1fff5f) Importer(815301076,1909f56bfc062723c751e8b465ee728b)  -> (artifact id: '08e0c2babdc01ae3dcfc2ca5a2425a92') in 0.054499 seconds
  Import took 0.057208 seconds .

========================================================================
Received Prepare
Registering precompiled user dll's ...
Registered in 0.001200 seconds.
Begin MonoManager ReloadAssembly
Native extension for WindowsStandalone target not found
Native extension for WebGL target not found
Refreshing native plugins compatible for Editor in 0.26 ms, found 0 plugins.
Preloading 0 native plugins for Editor in 0.00 ms.
Mono: successfully reloaded assembly
- Completed reload, in  0.834 seconds
Platform modules already initialized, skipping
Refreshing native plugins compatible for Editor in 0.47 ms, found 0 plugins.
Preloading 0 native plugins for Editor in 0.00 ms.
Unloading 1113 Unused Serialized files (Serialized files now loaded: 0)
System memory in use before: 61.2 MB.
System memory in use after: 61.2 MB.

Unloading 6 unused Assets to reduce memory usage. Loaded Objects now: 1584.
Total: 1.705000 ms (FindLiveObjects: 0.165700 ms CreateObjectMapping: 0.027600 ms MarkObjects: 1.440800 ms  DeleteObjects: 0.069600 ms)

========================================================================
Received Prepare
Registering precompiled user dll's ...
Registered in 0.000813 seconds.
Begin MonoManager ReloadAssembly
Native extension for WindowsStandalone target not found
Native extension for WebGL target not found
Refreshing native plugins compatible for Editor in 0.29 ms, found 0 plugins.
Preloading 0 native plugins for Editor in 0.00 ms.
Mono: successfully reloaded assembly
- Completed reload, in  0.867 seconds
Platform modules already initialized, skipping
Refreshing native plugins compatible for Editor in 0.27 ms, found 0 plugins.
Preloading 0 native plugins for Editor in 0.00 ms.
Unloading 1113 Unused Serialized files (Serialized files now loaded: 0)
System memory in use before: 61.2 MB.
System memory in use after: 61.2 MB.

Unloading 5 unused Assets to reduce memory usage. Loaded Objects now: 1587.
Total: 3.746900 ms (FindLiveObjects: 0.523900 ms CreateObjectMapping: 0.064600 ms MarkObjects: 2.943100 ms  DeleteObjects: 0.209300 ms)

========================================================================
Received Prepare
Registering precompiled user dll's ...
Registered in 0.000740 seconds.
Begin MonoManager ReloadAssembly
Native extension for WindowsStandalone target not found
Native extension for WebGL target not found
Refreshing native plugins compatible for Editor in 0.88 ms, found 0 plugins.
Preloading 0 native plugins for Editor in 0.00 ms.
Mono: successfully reloaded assembly
- Completed reload, in  1.046 seconds
Platform modules already initialized, skipping
Refreshing native plugins compatible for Editor in 0.25 ms, found 0 plugins.
Preloading 0 native plugins for Editor in 0.00 ms.
Unloading 1113 Unused Serialized files (Serialized files now loaded: 0)
System memory in use before: 61.2 MB.
System memory in use after: 61.3 MB.

Unloading 5 unused Assets to reduce memory usage. Loaded Objects now: 1590.
Total: 4.289500 ms (FindLiveObjects: 0.352400 ms CreateObjectMapping: 0.048200 ms MarkObjects: 3.778600 ms  DeleteObjects: 0.106200 ms)

========================================================================
Received Import Request.
  Time since last request: 799.011379 seconds.
  path: Assets/Imported
  artifactKey: Guid(e3b60be4c65576646b87064ce37a7ac2) Importer(815301076,1909f56bfc062723c751e8b465ee728b)
Start importing Assets/Imported using Guid(e3b60be4c65576646b87064ce37a7ac2) Importer(815301076,1909f56bfc062723c751e8b465ee728b)  -> (artifact id: 'e7977a7eb7f192f380944b2e306bb974') in 0.021131 seconds
  Import took 0.023467 seconds .

========================================================================
Received Import Request.
  Time since last request: 16.402952 seconds.
  path: Assets/Imported/VoxelCastle
  artifactKey: Guid(cefb95726d83e364a8b05b45388fb745) Importer(815301076,1909f56bfc062723c751e8b465ee728b)
Start importing Assets/Imported/VoxelCastle using Guid(cefb95726d83e364a8b05b45388fb745) Importer(815301076,1909f56bfc062723c751e8b465ee728b)  -> (artifact id: 'f1bc7ae1cbb9ff59272aa80b4d56eb76') in 0.020117 seconds
  Import took 0.022807 seconds .

========================================================================
Received Import Request.
  Time since last request: 3.251622 seconds.
  path: Assets/Imported/VoxelCastle/Prefabs
  artifactKey: Guid(0810c18387c203643b2bc85ab582fdff) Importer(815301076,1909f56bfc062723c751e8b465ee728b)
Start importing Assets/Imported/VoxelCastle/Prefabs using Guid(0810c18387c203643b2bc85ab582fdff) Importer(815301076,1909f56bfc062723c751e8b465ee728b)  -> (artifact id: '3fb05087eca85990370f204ba0d5e73a') in 0.017513 seconds
  Import took 0.019590 seconds .

========================================================================
Received Import Request.
  Time since last request: 0.037799 seconds.
  path: Assets/Imported/VoxelCastle/Prefabs/Ballista.prefab
  artifactKey: Guid(8a965e088bae16643aab3d07ccfd5e2e) Importer(815301076,1909f56bfc062723c751e8b465ee728b)
Start importing Assets/Imported/VoxelCastle/Prefabs/Ballista.prefab using Guid(8a965e088bae16643aab3d07ccfd5e2e) Importer(815301076,1909f56bfc062723c751e8b465ee728b)  -> (artifact id: '8e38b538446fa7231c033f881d3107f7') in 0.072488 seconds
  Import took 0.074815 seconds .

========================================================================
Received Import Request.
  Time since last request: 0.000201 seconds.
  path: Assets/Imported/VoxelCastle/Prefabs/Tower_Left.prefab
  artifactKey: Guid(686cbd5927aa6d8498fcbade54b8d635) Importer(815301076,1909f56bfc062723c751e8b465ee728b)
Start importing Assets/Imported/VoxelCastle/Prefabs/Tower_Left.prefab using Guid(686cbd5927aa6d8498fcbade54b8d635) Importer(815301076,1909f56bfc062723c751e8b465ee728b)  -> (artifact id: '109e9394bf1325caff9eb6132f46419d') in 0.029038 seconds
  Import took 0.032530 seconds .

========================================================================
Received Import Request.
  Time since last request: 0.000236 seconds.
  path: Assets/Imported/VoxelCastle/Prefabs/Tower_Straight.prefab
  artifactKey: Guid(d37bc1d66713c1342bc827d9143c768e) Importer(815301076,1909f56bfc062723c751e8b465ee728b)
Start importing Assets/Imported/VoxelCastle/Prefabs/Tower_Straight.prefab using Guid(d37bc1d66713c1342bc827d9143c768e) Importer(815301076,1909f56bfc062723c751e8b465ee728b)  -> (artifact id: '4aeaa71607821f3fbb435b9537ab2ced') in 0.025173 seconds
  Import took 0.028184 seconds .

========================================================================
Received Import Request.
  Time since last request: 0.000622 seconds.
  path: Assets/Imported/VoxelCastle/Prefabs/Gate_2.prefab
  artifactKey: Guid(4c29e4de4a2bbfb4b8b0ef23411b4393) Importer(815301076,1909f56bfc062723c751e8b465ee728b)
Start importing Assets/Imported/VoxelCastle/Prefabs/Gate_2.prefab using Guid(4c29e4de4a2bbfb4b8b0ef23411b4393) Importer(815301076,1909f56bfc062723c751e8b465ee728b)  -> (artifact id: 'cbe07bfd6e11b2cf475bb8e357a45d3e') in 0.025025 seconds
  Import took 0.041894 seconds .

========================================================================
Received Import Request.
  Time since last request: 0.000238 seconds.
  path: Assets/Imported/VoxelCastle/Prefabs/Road_Straight.prefab
  artifactKey: Guid(516bafc615be66c4ab287e43b2c75817) Importer(815301076,1909f56bfc062723c751e8b465ee728b)
Start importing Assets/Imported/VoxelCastle/Prefabs/Road_Straight.prefab using Guid(516bafc615be66c4ab287e43b2c75817) Importer(815301076,1909f56bfc062723c751e8b465ee728b)  -> (artifact id: 'c28aefb56b587a82c5fa937d89e28a27') in 0.026205 seconds
  Import took 0.028896 seconds .

========================================================================
Received Import Request.
  Time since last request: 0.000226 seconds.
  path: Assets/Imported/VoxelCastle/Prefabs/Bolt.prefab
  artifactKey: Guid(7362a7dc6d14d7748953ae63138db72f) Importer(815301076,1909f56bfc062723c751e8b465ee728b)
Start importing Assets/Imported/VoxelCastle/Prefabs/Bolt.prefab using Guid(7362a7dc6d14d7748953ae63138db72f) Importer(815301076,1909f56bfc062723c751e8b465ee728b)  -> (artifact id: 'c9ceec07a72c2aa14b48281dda7f99ae') in 0.024334 seconds
  Import took 0.026755 seconds .

========================================================================
Received Import Request.
  Time since last request: 0.000263 seconds.
  path: Assets/Imported/VoxelCastle/Prefabs/Road_Corner.prefab
  artifactKey: Guid(7f00dff95729de9419a7a7c73f5e038f) Importer(815301076,1909f56bfc062723c751e8b465ee728b)
Start importing Assets/Imported/VoxelCastle/Prefabs/Road_Corner.prefab using Guid(7f00dff95729de9419a7a7c73f5e038f) Importer(815301076,1909f56bfc062723c751e8b465ee728b)  -> (artifact id: '6f7e79a83ade8c0e55c7a382fca70e18') in 0.026680 seconds
  Import took 0.029303 seconds .

========================================================================
Received Import Request.
  Time since last request: 0.000349 seconds.
  path: Assets/Imported/VoxelCastle/Prefabs/Tree_Large.prefab
  artifactKey: Guid(e087f990d0ffa4f4c9f7dcf9b9f96eae) Importer(815301076,1909f56bfc062723c751e8b465ee728b)
Start importing Assets/Imported/VoxelCastle/Prefabs/Tree_Large.prefab using Guid(e087f990d0ffa4f4c9f7dcf9b9f96eae) Importer(815301076,1909f56bfc062723c751e8b465ee728b)  -> (artifact id: 'f28ebeffe0b734a93baa98baa86ed85d') in 0.025643 seconds
  Import took 0.029115 seconds .

========================================================================
Received Import Request.
  Time since last request: 0.000270 seconds.
  path: Assets/Imported/VoxelCastle/Prefabs/Gate_1.prefab
  artifactKey: Guid(d0127103aeb54ed45b71e686472ac405) Importer(815301076,1909f56bfc062723c751e8b465ee728b)
Start importing Assets/Imported/VoxelCastle/Prefabs/Gate_1.prefab using Guid(d0127103aeb54ed45b71e686472ac405) Importer(815301076,1909f56bfc062723c751e8b465ee728b)  -> (artifact id: '6258d3ec36235d5dabb9e6b43ae0ed03') in 0.028012 seconds
  Import took 0.031849 seconds .

========================================================================
Received Import Request.
  Time since last request: 0.000439 seconds.
  path: Assets/Imported/VoxelCastle/Prefabs/Grass.prefab
  artifactKey: Guid(8268644ef66d0e148bce09f9dea8a666) Importer(815301076,1909f56bfc062723c751e8b465ee728b)
Start importing Assets/Imported/VoxelCastle/Prefabs/Grass.prefab using Guid(8268644ef66d0e148bce09f9dea8a666) Importer(815301076,1909f56bfc062723c751e8b465ee728b)  -> (artifact id: '89dfebf863a8427e0671a8f89384de52') in 0.027282 seconds
  Import took 0.038841 seconds .

========================================================================
Received Import Request.
  Time since last request: 0.000180 seconds.
  path: Assets/Imported/VoxelCastle/Prefabs/Wall_In.prefab
  artifactKey: Guid(34e4951a39dba9449b7dc9d52534cd97) Importer(815301076,1909f56bfc062723c751e8b465ee728b)
Start importing Assets/Imported/VoxelCastle/Prefabs/Wall_In.prefab using Guid(34e4951a39dba9449b7dc9d52534cd97) Importer(815301076,1909f56bfc062723c751e8b465ee728b)  -> (artifact id: 'f17301eb80e8c89ba005d4796c6bb6ab') in 0.023090 seconds
  Import took 0.026918 seconds .

========================================================================
Received Import Request.
  Time since last request: 0.000393 seconds.
  path: Assets/Imported/VoxelCastle/Prefabs/Tree_Group.prefab
  artifactKey: Guid(7fb8d74871fa9c74cab9389cd54e2860) Importer(815301076,1909f56bfc062723c751e8b465ee728b)
Start importing Assets/Imported/VoxelCastle/Prefabs/Tree_Group.prefab using Guid(7fb8d74871fa9c74cab9389cd54e2860) Importer(815301076,1909f56bfc062723c751e8b465ee728b)  -> (artifact id: 'ad8cef4d78312e3266019fe3d1ef5857') in 0.020074 seconds
  Import took 0.025040 seconds .

========================================================================
Received Import Request.
  Time since last request: 0.000480 seconds.
  path: Assets/Imported/VoxelCastle/Prefabs/Shore_3.prefab
  artifactKey: Guid(09b5f3214c0f1ac4a98d9eb6975d5c50) Importer(815301076,1909f56bfc062723c751e8b465ee728b)
Start importing Assets/Imported/VoxelCastle/Prefabs/Shore_3.prefab using Guid(09b5f3214c0f1ac4a98d9eb6975d5c50) Importer(815301076,1909f56bfc062723c751e8b465ee728b)  -> (artifact id: '7e19c6ea3cd5ce1282286b9875bf0c69') in 0.021202 seconds
  Import took 0.024864 seconds .

========================================================================
Received Import Request.
  Time since last request: 0.000473 seconds.
  path: Assets/Imported/VoxelCastle/Prefabs/Water.prefab
  artifactKey: Guid(437f4c0ccc35e824fac7b91fa50716d5) Importer(815301076,1909f56bfc062723c751e8b465ee728b)
Start importing Assets/Imported/VoxelCastle/Prefabs/Water.prefab using Guid(437f4c0ccc35e824fac7b91fa50716d5) Importer(815301076,1909f56bfc062723c751e8b465ee728b)  -> (artifact id: '741ef5e4dde5aa4095da6c055e1622ac') in 0.025950 seconds
  Import took 0.029680 seconds .

========================================================================
Received Import Request.
  Time since last request: 0.000218 seconds.
  path: Assets/Imported/VoxelCastle/Prefabs/Tower_Right.prefab
  artifactKey: Guid(9c8abec1ab510d741bfdef12c80c36d5) Importer(815301076,1909f56bfc062723c751e8b465ee728b)
Start importing Assets/Imported/VoxelCastle/Prefabs/Tower_Right.prefab using Guid(9c8abec1ab510d741bfdef12c80c36d5) Importer(815301076,1909f56bfc062723c751e8b465ee728b)  -> (artifact id: 'a91b00b7c24aba32463e5b565e76bd5c') in 0.033172 seconds
  Import took 0.036026 seconds .

========================================================================
Received Import Request.
  Time since last request: 0.000264 seconds.
  path: Assets/Imported/VoxelCastle/Prefabs/Shore_2.prefab
  artifactKey: Guid(be3e859d916267f489f694bfa840a7b3) Importer(815301076,1909f56bfc062723c751e8b465ee728b)
Start importing Assets/Imported/VoxelCastle/Prefabs/Shore_2.prefab using Guid(be3e859d916267f489f694bfa840a7b3) Importer(815301076,1909f56bfc062723c751e8b465ee728b)  -> (artifact id: 'aebe32b94c4ac8a362ef35e4506c60cc') in 0.027213 seconds
  Import took 0.074066 seconds .

========================================================================
Received Import Request.
  Time since last request: 0.000382 seconds.
  path: Assets/Imported/VoxelCastle/Prefabs/Shore_1.prefab
  artifactKey: Guid(ced0806bb3a17fd42bfe8fe5f0c2faa9) Importer(815301076,1909f56bfc062723c751e8b465ee728b)
Start importing Assets/Imported/VoxelCastle/Prefabs/Shore_1.prefab using Guid(ced0806bb3a17fd42bfe8fe5f0c2faa9) Importer(815301076,1909f56bfc062723c751e8b465ee728b)  -> (artifact id: '2aec019ee39df8913b7a638a0651340c') in 0.024651 seconds
  Import took 0.027902 seconds .

========================================================================
Received Import Request.
  Time since last request: 0.000374 seconds.
  path: Assets/Imported/VoxelCastle/Prefabs/Ram.prefab
  artifactKey: Guid(b940df629b09f434dbb9fd487257db6c) Importer(815301076,1909f56bfc062723c751e8b465ee728b)
Start importing Assets/Imported/VoxelCastle/Prefabs/Ram.prefab using Guid(b940df629b09f434dbb9fd487257db6c) Importer(815301076,1909f56bfc062723c751e8b465ee728b)  -> (artifact id: 'c51a1d3c83431f78ccded246bcc4d1c2') in 0.026027 seconds
  Import took 0.029391 seconds .

========================================================================
Received Import Request.
  Time since last request: 0.000275 seconds.
  path: Assets/Imported/VoxelCastle/Prefabs/Tower_Standing.prefab
  artifactKey: Guid(7990df5d14c5d674ab9392935d4f6bc2) Importer(815301076,1909f56bfc062723c751e8b465ee728b)
Start importing Assets/Imported/VoxelCastle/Prefabs/Tower_Standing.prefab using Guid(7990df5d14c5d674ab9392935d4f6bc2) Importer(815301076,1909f56bfc062723c751e8b465ee728b)  -> (artifact id: 'e97502034d04cd527dd8018d6a3c8575') in 0.023849 seconds
  Import took 0.026303 seconds .

========================================================================
Received Import Request.
  Time since last request: 0.000211 seconds.
  path: Assets/Imported/VoxelCastle/Prefabs/Wall_Straight.prefab
  artifactKey: Guid(7f7ab251192cf3c4daa485590b0da789) Importer(815301076,1909f56bfc062723c751e8b465ee728b)
Start importing Assets/Imported/VoxelCastle/Prefabs/Wall_Straight.prefab using Guid(7f7ab251192cf3c4daa485590b0da789) Importer(815301076,1909f56bfc062723c751e8b465ee728b)  -> (artifact id: '51cc615059138d6527042b5c1db49968') in 0.026484 seconds
  Import took 0.029471 seconds .

========================================================================
Received Import Request.
  Time since last request: 0.000272 seconds.
  path: Assets/Imported/VoxelCastle/Prefabs/Wall_Out.prefab
  artifactKey: Guid(3f03f263d000f954a8885a417e678a85) Importer(815301076,1909f56bfc062723c751e8b465ee728b)
Start importing Assets/Imported/VoxelCastle/Prefabs/Wall_Out.prefab using Guid(3f03f263d000f954a8885a417e678a85) Importer(815301076,1909f56bfc062723c751e8b465ee728b)  -> (artifact id: '229427872a2478d7c3458016e2d32a9e') in 0.028869 seconds
  Import took 0.032111 seconds .

========================================================================
Received Import Request.
  Time since last request: 10.968041 seconds.
  path: Assets/Imported/TextMesh Pro/Fonts/LiberationSans.ttf
  artifactKey: Guid(e3265ab4bf004d28a9537516768c1c75) Importer(815301076,1909f56bfc062723c751e8b465ee728b)
Start importing Assets/Imported/TextMesh Pro/Fonts/LiberationSans.ttf using Guid(e3265ab4bf004d28a9537516768c1c75) Importer(815301076,1909f56bfc062723c751e8b465ee728b)  -> (artifact id: 'b3826c511fa877ea13e162b6329583f0') in 0.140182 seconds
  Import took 0.143622 seconds .

========================================================================
Received Import Request.
  Time since last request: 0.000530 seconds.
  path: Assets/Imported/TextMesh Pro/Resources/Fonts & Materials/LiberationSans SDF - Outline.mat
  artifactKey: Guid(79459efec17a4d00a321bdcc27bbc385) Importer(815301076,1909f56bfc062723c751e8b465ee728b)
Start importing Assets/Imported/TextMesh Pro/Resources/Fonts & Materials/LiberationSans SDF - Outline.mat using Guid(79459efec17a4d00a321bdcc27bbc385) Importer(815301076,1909f56bfc062723c751e8b465ee728b) Shader error in 'TextMeshPro/Mobile/Distance Field': Couldn't open include file 'TMPro_Properties.cginc'. at line 93

Compiling Vertex program with OUTLINE_ON
Platform defines: UNITY_ENABLE_REFLECTION_BUFFERS UNITY_USE_DITHER_MASK_FOR_ALPHABLENDED_SHADOWS UNITY_PBS_USE_BRDF1 UNITY_SPECCUBE_BOX_PROJECTION UNITY_SPECCUBE_BLENDING UNITY_ENABLE_DETAIL_NORMALMAP SHADER_API_DESKTOP UNITY_COLORSPACE_GAMMA UNITY_LIGHT_PROBE_PROXY_VOLUME UNITY_LIGHTMAP_FULL_HDR
Disabled keywords: UNDERLAY_ON UNDERLAY_INNER UNITY_UI_CLIP_RECT UNITY_UI_ALPHACLIP UNITY_NO_DXT5nm UNITY_ENABLE_NATIVE_SHADOW_LOOKUPS UNITY_METAL_SHADOWS_USE_POINT_FILTERING UNITY_NO_SCREENSPACE_SHADOWS UNITY_PBS_USE_BRDF2 UNITY_PBS_USE_BRDF3 UNITY_NO_FULL_STANDARD_SHADER UNITY_HARDWARE_TIER1 UNITY_HARDWARE_TIER2 UNITY_HARDWARE_TIER3 UNITY_HALF_PRECISION_FRAGMENT_SHADER_REGISTERS UNITY_LIGHTMAP_DLDR_ENCODING UNITY_LIGHTMAP_RGBM_ENCODING UNITY_VIRTUAL_TEXTURING UNITY_PRETRANSFORM_TO_DISPLAY_ORIENTATION UNITY_ASTC_NORMALMAP_ENCODING SHADER_API_GLES30

Shader error in 'TextMeshPro/Mobile/Distance Field': Couldn't open include file 'TMPro_Properties.cginc'. at line 93

Compiling Vertex program with OUTLINE_ON
Platform defines: UNITY_ENABLE_REFLECTION_BUFFERS UNITY_USE_DITHER_MASK_FOR_ALPHABLENDED_SHADOWS UNITY_PBS_USE_BRDF1 UNITY_SPECCUBE_BOX_PROJECTION UNITY_SPECCUBE_BLENDING UNITY_ENABLE_DETAIL_NORMALMAP SHADER_API_DESKTOP UNITY_COLORSPACE_GAMMA UNITY_LIGHT_PROBE_PROXY_VOLUME UNITY_LIGHTMAP_FULL_HDR
Disabled keywords: UNDERLAY_ON UNDERLAY_INNER UNITY_UI_CLIP_RECT UNITY_UI_ALPHACLIP UNITY_NO_DXT5nm UNITY_ENABLE_NATIVE_SHADOW_LOOKUPS UNITY_METAL_SHADOWS_USE_POINT_FILTERING UNITY_NO_SCREENSPACE_SHADOWS UNITY_PBS_USE_BRDF2 UNITY_PBS_USE_BRDF3 UNITY_NO_FULL_STANDARD_SHADER UNITY_HARDWARE_TIER1 UNITY_HARDWARE_TIER2 UNITY_HARDWARE_TIER3 UNITY_HALF_PRECISION_FRAGMENT_SHADER_REGISTERS UNITY_LIGHTMAP_DLDR_ENCODING UNITY_LIGHTMAP_RGBM_ENCODING UNITY_VIRTUAL_TEXTURING UNITY_PRETRANSFORM_TO_DISPLAY_ORIENTATION UNITY_ASTC_NORMALMAP_ENCODING SHADER_API_GLES30

 -> (artifact id: 'f70f92f3ac9d5cb8aedcee45ba6edffb') in 0.109292 seconds
  Import took 0.112319 seconds .

========================================================================
Received Import Request.
  Time since last request: 0.000253 seconds.
  path: Assets/Imported/VoxelCastle/Models/Tower_Standing.obj
  artifactKey: Guid(b31c61d5adaf91b4499ddac0cc71ff72) Importer(815301076,1909f56bfc062723c751e8b465ee728b)
Start importing Assets/Imported/VoxelCastle/Models/Tower_Standing.obj using Guid(b31c61d5adaf91b4499ddac0cc71ff72) Importer(815301076,1909f56bfc062723c751e8b465ee728b)  -> (artifact id: '75b362242ceeab2bf4441cd50ad30727') in 0.151216 seconds
  Import took 0.154715 seconds .

========================================================================
Received Import Request.
  Time since last request: 0.000345 seconds.
  path: Assets/Imported/VoxelCastle/Models/Tower_Straight.obj
  artifactKey: Guid(e7a14cf0c8f8c7f48b1a463cab3cfba0) Importer(815301076,1909f56bfc062723c751e8b465ee728b)
Start importing Assets/Imported/VoxelCastle/Models/Tower_Straight.obj using Guid(e7a14cf0c8f8c7f48b1a463cab3cfba0) Importer(815301076,1909f56bfc062723c751e8b465ee728b)  -> (artifact id: '33f77a90e1e01cdfba204890f2592c62') in 0.045707 seconds
  Import took 0.062305 seconds .

========================================================================
Received Import Request.
  Time since last request: 0.000380 seconds.
  path: Assets/Imported/VoxelCastle/Models/Tree_Group.obj
  artifactKey: Guid(15e2400a7e78e4c429ba356f5934ca5a) Importer(815301076,1909f56bfc062723c751e8b465ee728b)
Start importing Assets/Imported/VoxelCastle/Models/Tree_Group.obj using Guid(15e2400a7e78e4c429ba356f5934ca5a) Importer(815301076,1909f56bfc062723c751e8b465ee728b)  -> (artifact id: '0c51e9a1321825828c75a56cbdd31415') in 0.043518 seconds
  Import took 0.047454 seconds .

========================================================================
Received Import Request.
  Time since last request: 0.000400 seconds.
  path: Assets/Imported/VoxelCastle/Models/Water_Open.obj
  artifactKey: Guid(a847eae99d42cdf49b01d8ca9f52e595) Importer(815301076,1909f56bfc062723c751e8b465ee728b)
Start importing Assets/Imported/VoxelCastle/Models/Water_Open.obj using Guid(a847eae99d42cdf49b01d8ca9f52e595) Importer(815301076,1909f56bfc062723c751e8b465ee728b)  -> (artifact id: 'aae32e3fb5afc2c3dbff30a9642a3ab2') in 0.045804 seconds
  Import took 0.048970 seconds .

========================================================================
Received Import Request.
  Time since last request: 0.000253 seconds.
  path: Assets/Imported/VoxelCastle/Models/Gate_1.obj
  artifactKey: Guid(ed0d4b88051579a47a065eda53cf9480) Importer(815301076,1909f56bfc062723c751e8b465ee728b)
Start importing Assets/Imported/VoxelCastle/Models/Gate_1.obj using Guid(ed0d4b88051579a47a065eda53cf9480) Importer(815301076,1909f56bfc062723c751e8b465ee728b)  -> (artifact id: '29710945a4f3e4bab8f958dd270193b8') in 0.065688 seconds
  Import took 0.068026 seconds .

========================================================================
Received Import Request.
  Time since last request: 0.000276 seconds.
  path: Assets/Imported/VoxelCastle/Models/Ballisa_Base.obj
  artifactKey: Guid(af50c4e21f0e9b9419ff00e3c39e7711) Importer(815301076,1909f56bfc062723c751e8b465ee728b)
Start importing Assets/Imported/VoxelCastle/Models/Ballisa_Base.obj using Guid(af50c4e21f0e9b9419ff00e3c39e7711) Importer(815301076,1909f56bfc062723c751e8b465ee728b)  -> (artifact id: '49b1d63775fb182ae066b9f44201ee6c') in 0.043463 seconds
  Import took 0.047408 seconds .

========================================================================
Received Import Request.
  Time since last request: 0.000232 seconds.
  path: Assets/Imported/VoxelCastle/Models/Ram.obj
  artifactKey: Guid(0eaf0955d0035664c87a3d4177a41887) Importer(815301076,1909f56bfc062723c751e8b465ee728b)
Start importing Assets/Imported/VoxelCastle/Models/Ram.obj using Guid(0eaf0955d0035664c87a3d4177a41887) Importer(815301076,1909f56bfc062723c751e8b465ee728b)  -> (artifact id: '8e19b88246239cd208282efefa0e31be') in 0.042415 seconds
  Import took 0.044879 seconds .

========================================================================
Received Import Request.
  Time since last request: 0.000235 seconds.
  path: Assets/Imported/VoxelCastle/Models/Wall_Straight.obj
  artifactKey: Guid(0c67890f22519734398ef6e81ae7288c) Importer(815301076,1909f56bfc062723c751e8b465ee728b)
Start importing Assets/Imported/VoxelCastle/Models/Wall_Straight.obj using Guid(0c67890f22519734398ef6e81ae7288c) Importer(815301076,1909f56bfc062723c751e8b465ee728b)  -> (artifact id: '03298a027123dac2c83c370a9bd788b3') in 0.038285 seconds
  Import took 0.040827 seconds .

========================================================================
Received Import Request.
  Time since last request: 0.000383 seconds.
  path: Assets/Imported/VoxelCastle/Models/Gate_2.obj
  artifactKey: Guid(a592389a4cc504149996122820b6be3d) Importer(815301076,1909f56bfc062723c751e8b465ee728b)
Start importing Assets/Imported/VoxelCastle/Models/Gate_2.obj using Guid(a592389a4cc504149996122820b6be3d) Importer(815301076,1909f56bfc062723c751e8b465ee728b)  -> (artifact id: '5c2b05c7d33eed8416cc8b393a66930f') in 0.043505 seconds
  Import took 0.047661 seconds .

========================================================================
Received Import Request.
  Time since last request: 0.000281 seconds.
  path: Assets/Imported/VoxelCastle/Models/Grass.obj
  artifactKey: Guid(5076ba01f21af0c4daff73ab13dba476) Importer(815301076,1909f56bfc062723c751e8b465ee728b)
Start importing Assets/Imported/VoxelCastle/Models/Grass.obj using Guid(5076ba01f21af0c4daff73ab13dba476) Importer(815301076,1909f56bfc062723c751e8b465ee728b)  -> (artifact id: '7d565ddf8891b07a5c980da73c940a46') in 0.036096 seconds
  Import took 0.039148 seconds .

========================================================================
Received Import Request.
  Time since last request: 0.000573 seconds.
  path: Assets/Imported/VoxelCastle/Models/Tower_Left.obj
  artifactKey: Guid(c9744b5c955b75740868d5ebf8b04ae9) Importer(815301076,1909f56bfc062723c751e8b465ee728b)
Start importing Assets/Imported/VoxelCastle/Models/Tower_Left.obj using Guid(c9744b5c955b75740868d5ebf8b04ae9) Importer(815301076,1909f56bfc062723c751e8b465ee728b)  -> (artifact id: '83119b613c9596dab21c64596397595b') in 0.037022 seconds
  Import took 0.041351 seconds .

========================================================================
Received Import Request.
  Time since last request: 0.000239 seconds.
  path: Assets/Imported/TextMesh Pro/Resources/Fonts & Materials/LiberationSans SDF - Fallback.asset
  artifactKey: Guid(2e498d1c8094910479dc3e1b768306a4) Importer(815301076,1909f56bfc062723c751e8b465ee728b)
Start importing Assets/Imported/TextMesh Pro/Resources/Fonts & Materials/LiberationSans SDF - Fallback.asset using Guid(2e498d1c8094910479dc3e1b768306a4) Importer(815301076,1909f56bfc062723c751e8b465ee728b)  -> (artifact id: '49275a6f0a05fb6fd0893f0c6fe8bd83') in 0.090930 seconds
  Import took 0.094163 seconds .

========================================================================
Received Import Request.
  Time since last request: 0.000207 seconds.
  path: Assets/Imported/TextMesh Pro/Resources/Fonts & Materials/LiberationSans SDF - Drop Shadow.mat
  artifactKey: Guid(e73a58f6e2794ae7b1b7e50b7fb811b0) Importer(815301076,1909f56bfc062723c751e8b465ee728b)
Start importing Assets/Imported/TextMesh Pro/Resources/Fonts & Materials/LiberationSans SDF - Drop Shadow.mat using Guid(e73a58f6e2794ae7b1b7e50b7fb811b0) Importer(815301076,1909f56bfc062723c751e8b465ee728b) Shader error in 'TextMeshPro/Mobile/Distance Field': Couldn't open include file 'TMPro_Properties.cginc'. at line 93

Compiling Vertex program with OUTLINE_ON
Platform defines: UNITY_ENABLE_REFLECTION_BUFFERS UNITY_USE_DITHER_MASK_FOR_ALPHABLENDED_SHADOWS UNITY_PBS_USE_BRDF1 UNITY_SPECCUBE_BOX_PROJECTION UNITY_SPECCUBE_BLENDING UNITY_ENABLE_DETAIL_NORMALMAP SHADER_API_DESKTOP UNITY_COLORSPACE_GAMMA UNITY_LIGHT_PROBE_PROXY_VOLUME UNITY_LIGHTMAP_FULL_HDR
Disabled keywords: UNDERLAY_ON UNDERLAY_INNER UNITY_UI_CLIP_RECT UNITY_UI_ALPHACLIP UNITY_NO_DXT5nm UNITY_ENABLE_NATIVE_SHADOW_LOOKUPS UNITY_METAL_SHADOWS_USE_POINT_FILTERING UNITY_NO_SCREENSPACE_SHADOWS UNITY_PBS_USE_BRDF2 UNITY_PBS_USE_BRDF3 UNITY_NO_FULL_STANDARD_SHADER UNITY_HARDWARE_TIER1 UNITY_HARDWARE_TIER2 UNITY_HARDWARE_TIER3 UNITY_HALF_PRECISION_FRAGMENT_SHADER_REGISTERS UNITY_LIGHTMAP_DLDR_ENCODING UNITY_LIGHTMAP_RGBM_ENCODING UNITY_VIRTUAL_TEXTURING UNITY_PRETRANSFORM_TO_DISPLAY_ORIENTATION UNITY_ASTC_NORMALMAP_ENCODING SHADER_API_GLES30

Shader error in 'TextMeshPro/Mobile/Distance Field': Couldn't open include file 'TMPro_Properties.cginc'. at line 93

Compiling Vertex program with OUTLINE_ON
Platform defines: UNITY_ENABLE_REFLECTION_BUFFERS UNITY_USE_DITHER_MASK_FOR_ALPHABLENDED_SHADOWS UNITY_PBS_USE_BRDF1 UNITY_SPECCUBE_BOX_PROJECTION UNITY_SPECCUBE_BLENDING UNITY_ENABLE_DETAIL_NORMALMAP SHADER_API_DESKTOP UNITY_COLORSPACE_GAMMA UNITY_LIGHT_PROBE_PROXY_VOLUME UNITY_LIGHTMAP_FULL_HDR
Disabled keywords: UNDERLAY_ON UNDERLAY_INNER UNITY_UI_CLIP_RECT UNITY_UI_ALPHACLIP UNITY_NO_DXT5nm UNITY_ENABLE_NATIVE_SHADOW_LOOKUPS UNITY_METAL_SHADOWS_USE_POINT_FILTERING UNITY_NO_SCREENSPACE_SHADOWS UNITY_PBS_USE_BRDF2 UNITY_PBS_USE_BRDF3 UNITY_NO_FULL_STANDARD_SHADER UNITY_HARDWARE_TIER1 UNITY_HARDWARE_TIER2 UNITY_HARDWARE_TIER3 UNITY_HALF_PRECISION_FRAGMENT_SHADER_REGISTERS UNITY_LIGHTMAP_DLDR_ENCODING UNITY_LIGHTMAP_RGBM_ENCODING UNITY_VIRTUAL_TEXTURING UNITY_PRETRANSFORM_TO_DISPLAY_ORIENTATION UNITY_ASTC_NORMALMAP_ENCODING SHADER_API_GLES30

 -> (artifact id: '2fd7872455b175c1dd9d5ae5a711fd74') in 0.046528 seconds
  Import took 0.050688 seconds .

========================================================================
Received Import Request.
  Time since last request: 0.000465 seconds.
  path: Assets/Imported/VoxelCastle/Models/Ballisa_Top.obj
  artifactKey: Guid(18cfa8e197c1ff74292ed6ff0cc8b3f7) Importer(815301076,1909f56bfc062723c751e8b465ee728b)
Start importing Assets/Imported/VoxelCastle/Models/Ballisa_Top.obj using Guid(18cfa8e197c1ff74292ed6ff0cc8b3f7) Importer(815301076,1909f56bfc062723c751e8b465ee728b)  -> (artifact id: 'ef00a3dca75d6e57173761dc32da311e') in 0.042635 seconds
  Import took 0.045889 seconds .

========================================================================
Received Import Request.
  Time since last request: 0.000207 seconds.
  path: Assets/Imported/TextMesh Pro/Resources/Fonts & Materials/LiberationSans SDF.asset
  artifactKey: Guid(8f586378b4e144a9851e7b34d9b748ee) Importer(815301076,1909f56bfc062723c751e8b465ee728b)
Start importing Assets/Imported/TextMesh Pro/Resources/Fonts & Materials/LiberationSans SDF.asset using Guid(8f586378b4e144a9851e7b34d9b748ee) Importer(815301076,1909f56bfc062723c751e8b465ee728b)  -> (artifact id: 'ca9897eebf0bf3164f2122d8f8548986') in 0.052552 seconds
  Import took 0.055992 seconds .

========================================================================
Received Import Request.
  Time since last request: 0.000294 seconds.
  path: Assets/Imported/VoxelCastle/Models/Road_Corner.obj
  artifactKey: Guid(626410dc07212d749823da2540a223bb) Importer(815301076,1909f56bfc062723c751e8b465ee728b)
Start importing Assets/Imported/VoxelCastle/Models/Road_Corner.obj using Guid(626410dc07212d749823da2540a223bb) Importer(815301076,1909f56bfc062723c751e8b465ee728b)  -> (artifact id: 'e71c9f0819da650802f5d4980db79c14') in 0.040514 seconds
  Import took 0.043389 seconds .

========================================================================
Received Import Request.
  Time since last request: 0.000228 seconds.
  path: Assets/Imported/VoxelCastle/Models/Shore_2.obj
  artifactKey: Guid(cdf72d6b092b7d74cbcba07dd2c5aa58) Importer(815301076,1909f56bfc062723c751e8b465ee728b)
Start importing Assets/Imported/VoxelCastle/Models/Shore_2.obj using Guid(cdf72d6b092b7d74cbcba07dd2c5aa58) Importer(815301076,1909f56bfc062723c751e8b465ee728b)  -> (artifact id: '5de1ad526e184a2e9fd6cc99da20611a') in 0.043997 seconds
  Import took 0.048286 seconds .

========================================================================
Received Import Request.
  Time since last request: 0.000556 seconds.
  path: Assets/Imported/VoxelCastle/Models/Road_Straight.obj
  artifactKey: Guid(e618ab8e55a3ed942a408f4d1b7f896e) Importer(815301076,1909f56bfc062723c751e8b465ee728b)
Start importing Assets/Imported/VoxelCastle/Models/Road_Straight.obj using Guid(e618ab8e55a3ed942a408f4d1b7f896e) Importer(815301076,1909f56bfc062723c751e8b465ee728b)  -> (artifact id: '919b2d17105be6a2c5b5048c9838bb9a') in 0.044462 seconds
  Import took 0.048384 seconds .

========================================================================
Received Import Request.
  Time since last request: 0.000217 seconds.
  path: Assets/Imported/VoxelCastle/Models/Shore_1.obj
  artifactKey: Guid(188ea90cdfe6c634eb85f7a132fcebeb) Importer(815301076,1909f56bfc062723c751e8b465ee728b)
Start importing Assets/Imported/VoxelCastle/Models/Shore_1.obj using Guid(188ea90cdfe6c634eb85f7a132fcebeb) Importer(815301076,1909f56bfc062723c751e8b465ee728b)  -> (artifact id: 'cacbb7f482546e527472ce28c27f7c8c') in 0.038397 seconds
  Import took 0.040905 seconds .

========================================================================
Received Import Request.
  Time since last request: 0.000204 seconds.
  path: Assets/Imported/VoxelCastle/Models/Wall_In.obj
  artifactKey: Guid(e06f55a4e9f0e954d8cfa9474c972880) Importer(815301076,1909f56bfc062723c751e8b465ee728b)
Start importing Assets/Imported/VoxelCastle/Models/Wall_In.obj using Guid(e06f55a4e9f0e954d8cfa9474c972880) Importer(815301076,1909f56bfc062723c751e8b465ee728b)  -> (artifact id: '90b51c3034e6aa1963e049828961fef9') in 0.040935 seconds
  Import took 0.045456 seconds .

========================================================================
Received Import Request.
  Time since last request: 0.000493 seconds.
  path: Assets/Imported/VoxelCastle/Models/Shore_3.obj
  artifactKey: Guid(fa1397209d9adee4db5f8a2bba8327f0) Importer(815301076,1909f56bfc062723c751e8b465ee728b)
Start importing Assets/Imported/VoxelCastle/Models/Shore_3.obj using Guid(fa1397209d9adee4db5f8a2bba8327f0) Importer(815301076,1909f56bfc062723c751e8b465ee728b)  -> (artifact id: '3bf46805adc18c001026b296d2e6b218') in 0.041655 seconds
  Import took 0.045856 seconds .

========================================================================
Received Import Request.
  Time since last request: 0.000408 seconds.
  path: Assets/Imported/VoxelCastle/Models/Wall_Out.obj
  artifactKey: Guid(a47cc0e994d04e14684868a64d825a9a) Importer(815301076,1909f56bfc062723c751e8b465ee728b)
Start importing Assets/Imported/VoxelCastle/Models/Wall_Out.obj using Guid(a47cc0e994d04e14684868a64d825a9a) Importer(815301076,1909f56bfc062723c751e8b465ee728b)  -> (artifact id: 'edc9eaa44ea235c22bc6c3c887ddd2b3') in 0.038034 seconds
  Import took 0.041277 seconds .

========================================================================
Received Import Request.
  Time since last request: 0.000517 seconds.
  path: Assets/Imported/VoxelCastle/Models/Tree_Large.obj
  artifactKey: Guid(1c653cfa1a46c7248b5aa77ea7624db8) Importer(815301076,1909f56bfc062723c751e8b465ee728b)
Start importing Assets/Imported/VoxelCastle/Models/Tree_Large.obj using Guid(1c653cfa1a46c7248b5aa77ea7624db8) Importer(815301076,1909f56bfc062723c751e8b465ee728b)  -> (artifact id: '2c2c4202cf653d3735c7b69fef4cc030') in 0.036076 seconds
  Import took 0.040269 seconds .

========================================================================
Received Import Request.
  Time since last request: 0.000569 seconds.
  path: Assets/Imported/VoxelCastle/Models/Tower_Right.obj
  artifactKey: Guid(72a69f2d17306c241a28b11da95f8885) Importer(815301076,1909f56bfc062723c751e8b465ee728b)
Start importing Assets/Imported/VoxelCastle/Models/Tower_Right.obj using Guid(72a69f2d17306c241a28b11da95f8885) Importer(815301076,1909f56bfc062723c751e8b465ee728b)  -> (artifact id: '5406f2a3f4c048f1090d7df80c85bb95') in 0.060388 seconds
  Import took 0.065391 seconds .

========================================================================
Received Import Request.
  Time since last request: 0.000517 seconds.
  path: Assets/Imported/VoxelCastle/Models/Bolt.obj
  artifactKey: Guid(77a5e84b782c81648b95ce756f4622a0) Importer(815301076,1909f56bfc062723c751e8b465ee728b)
Start importing Assets/Imported/VoxelCastle/Models/Bolt.obj using Guid(77a5e84b782c81648b95ce756f4622a0) Importer(815301076,1909f56bfc062723c751e8b465ee728b)  -> (artifact id: 'b4608a3cfb4f5a932ce40313440b132b') in 0.041416 seconds
  Import took 0.046336 seconds .

========================================================================
Received Import Request.
  Time since last request: 0.701936 seconds.
  path: Assets/Imported/VoxelCastle/Prefabs/Gate_2.prefab
  artifactKey: Guid(4c29e4de4a2bbfb4b8b0ef23411b4393) Importer(815301076,1909f56bfc062723c751e8b465ee728b)
Start importing Assets/Imported/VoxelCastle/Prefabs/Gate_2.prefab using Guid(4c29e4de4a2bbfb4b8b0ef23411b4393) Importer(815301076,1909f56bfc062723c751e8b465ee728b)  -> (artifact id: '41213a07271d2a301eb830f54e3604ed') in 0.016728 seconds
  Import took 0.020297 seconds .

========================================================================
Received Import Request.
  Time since last request: 8.691323 seconds.
  path: Assets/Imported/VoxelCastle/Models/Ballisa_Base.png
  artifactKey: Guid(f7d44a55e98043e4d8cea381547ff757) Importer(815301076,1909f56bfc062723c751e8b465ee728b)
Start importing Assets/Imported/VoxelCastle/Models/Ballisa_Base.png using Guid(f7d44a55e98043e4d8cea381547ff757) Importer(815301076,1909f56bfc062723c751e8b465ee728b)  -> (artifact id: '9aea1a33970ab0fc25ba97b4c7aa32de') in 0.036467 seconds
  Import took 0.039574 seconds .

========================================================================
Received Import Request.
  Time since last request: 0.000234 seconds.
  path: Assets/Imported/VoxelCastle/Models/Ballisa_Top.png
  artifactKey: Guid(a1a9a2db362196f41b8441addbcc0c15) Importer(815301076,1909f56bfc062723c751e8b465ee728b)
Start importing Assets/Imported/VoxelCastle/Models/Ballisa_Top.png using Guid(a1a9a2db362196f41b8441addbcc0c15) Importer(815301076,1909f56bfc062723c751e8b465ee728b)  -> (artifact id: '9daf42540026806111a564c30576b0fd') in 0.011052 seconds
  Import took 0.014327 seconds .

========================================================================
Received Import Request.
  Time since last request: 0.000457 seconds.
  path: Assets/Imported/VoxelCastle/Models/Ballisa_Base.png
  artifactKey: Guid(f7d44a55e98043e4d8cea381547ff757) Importer(815301076,1909f56bfc062723c751e8b465ee728b)
Start importing Assets/Imported/VoxelCastle/Models/Ballisa_Base.png using Guid(f7d44a55e98043e4d8cea381547ff757) Importer(815301076,1909f56bfc062723c751e8b465ee728b)  -> (artifact id: '9aea1a33970ab0fc25ba97b4c7aa32de') in 0.014292 seconds
  Import took 0.017100 seconds .

========================================================================
Received Import Request.
  Time since last request: 0.000280 seconds.
  path: Assets/Imported/VoxelCastle/Models/Grass.png
  artifactKey: Guid(23a42ab2a1869644a91490df49967f02) Importer(815301076,1909f56bfc062723c751e8b465ee728b)
Start importing Assets/Imported/VoxelCastle/Models/Grass.png using Guid(23a42ab2a1869644a91490df49967f02) Importer(815301076,1909f56bfc062723c751e8b465ee728b)  -> (artifact id: '3482197112b90124787bee6613f97f85') in 0.012060 seconds
  Import took 0.015250 seconds .

========================================================================
Received Import Request.
  Time since last request: 0.000511 seconds.
  path: Assets/Imported/VoxelCastle/Models/Gate_2.png
  artifactKey: Guid(1397c6bbef1f52446a3885dfec58c9c3) Importer(815301076,1909f56bfc062723c751e8b465ee728b)
Start importing Assets/Imported/VoxelCastle/Models/Gate_2.png using Guid(1397c6bbef1f52446a3885dfec58c9c3) Importer(815301076,1909f56bfc062723c751e8b465ee728b)  -> (artifact id: 'eb4c7d03141a46d2976b577c476aa8ab') in 0.009945 seconds
  Import took 0.013321 seconds .

========================================================================
Received Import Request.
  Time since last request: 0.000193 seconds.
  path: Assets/Imported/VoxelCastle/Models/Ballisa_Top.png
  artifactKey: Guid(a1a9a2db362196f41b8441addbcc0c15) Importer(815301076,1909f56bfc062723c751e8b465ee728b)
Start importing Assets/Imported/VoxelCastle/Models/Ballisa_Top.png using Guid(a1a9a2db362196f41b8441addbcc0c15) Importer(815301076,1909f56bfc062723c751e8b465ee728b)  -> (artifact id: '9daf42540026806111a564c30576b0fd') in 0.011071 seconds
  Import took 0.014233 seconds .

========================================================================
Received Import Request.
  Time since last request: 0.000402 seconds.
  path: Assets/Imported/VoxelCastle/Models/Bolt.png
  artifactKey: Guid(f168fa85f7662a84abd6633f70987ad3) Importer(815301076,1909f56bfc062723c751e8b465ee728b)
Start importing Assets/Imported/VoxelCastle/Models/Bolt.png using Guid(f168fa85f7662a84abd6633f70987ad3) Importer(815301076,1909f56bfc062723c751e8b465ee728b)  -> (artifact id: '119b2dce4c6673564c41920a57994be8') in 0.011454 seconds
  Import took 0.015044 seconds .

========================================================================
Received Import Request.
  Time since last request: 0.000280 seconds.
  path: Assets/Imported/VoxelCastle/Models/Gate_1.png
  artifactKey: Guid(0a454c2c084e06e4ba072926a9128554) Importer(815301076,1909f56bfc062723c751e8b465ee728b)
Start importing Assets/Imported/VoxelCastle/Models/Gate_1.png using Guid(0a454c2c084e06e4ba072926a9128554) Importer(815301076,1909f56bfc062723c751e8b465ee728b)  -> (artifact id: 'f3c30394be49dfc6738830e1e66e3011') in 0.008283 seconds
  Import took 0.010947 seconds .

========================================================================
Received Import Request.
  Time since last request: 0.000277 seconds.
  path: Assets/Imported/VoxelCastle/Models/Bolt.png
  artifactKey: Guid(f168fa85f7662a84abd6633f70987ad3) Importer(815301076,1909f56bfc062723c751e8b465ee728b)
Start importing Assets/Imported/VoxelCastle/Models/Bolt.png using Guid(f168fa85f7662a84abd6633f70987ad3) Importer(815301076,1909f56bfc062723c751e8b465ee728b)  -> (artifact id: '119b2dce4c6673564c41920a57994be8') in 0.013969 seconds
  Import took 0.017580 seconds .

========================================================================
Received Import Request.
  Time since last request: 13.382958 seconds.
  path: Assets/Imported/VoxelCastle/Models/Ram.png
  artifactKey: Guid(f89231e1285b34f41a1e68d64ba7079b) Importer(815301076,1909f56bfc062723c751e8b465ee728b)
Start importing Assets/Imported/VoxelCastle/Models/Ram.png using Guid(f89231e1285b34f41a1e68d64ba7079b) Importer(815301076,1909f56bfc062723c751e8b465ee728b)  -> (artifact id: '3d5595602dc38143bdbb0ae47bca9068') in 0.012637 seconds
  Import took 0.016610 seconds .

========================================================================
Received Prepare
Registering precompiled user dll's ...
Registered in 0.000769 seconds.
Begin MonoManager ReloadAssembly
Native extension for WindowsStandalone target not found
Native extension for WebGL target not found
Refreshing native plugins compatible for Editor in 0.61 ms, found 0 plugins.
Preloading 0 native plugins for Editor in 0.00 ms.
Mono: successfully reloaded assembly
- Completed reload, in  0.923 seconds
Platform modules already initialized, skipping
Refreshing native plugins compatible for Editor in 0.26 ms, found 0 plugins.
Preloading 0 native plugins for Editor in 0.00 ms.
Unloading 1113 Unused Serialized files (Serialized files now loaded: 0)
System memory in use before: 62.2 MB.
System memory in use after: 62.3 MB.

Unloading 5 unused Assets to reduce memory usage. Loaded Objects now: 1636.
Total: 2.825300 ms (FindLiveObjects: 0.333500 ms CreateObjectMapping: 0.036600 ms MarkObjects: 2.380800 ms  DeleteObjects: 0.071700 ms)

========================================================================
Received Prepare
Registering precompiled user dll's ...
Registered in 0.001367 seconds.
Begin MonoManager ReloadAssembly
Native extension for WindowsStandalone target not found
Native extension for WebGL target not found
Refreshing native plugins compatible for Editor in 0.26 ms, found 0 plugins.
Preloading 0 native plugins for Editor in 0.00 ms.
Mono: successfully reloaded assembly
- Completed reload, in  0.837 seconds
Platform modules already initialized, skipping
Refreshing native plugins compatible for Editor in 0.26 ms, found 0 plugins.
Preloading 0 native plugins for Editor in 0.00 ms.
Unloading 1113 Unused Serialized files (Serialized files now loaded: 0)
System memory in use before: 62.2 MB.
System memory in use after: 62.3 MB.

Unloading 5 unused Assets to reduce memory usage. Loaded Objects now: 1639.
Total: 2.192100 ms (FindLiveObjects: 0.229000 ms CreateObjectMapping: 0.033500 ms MarkObjects: 1.860200 ms  DeleteObjects: 0.067800 ms)

========================================================================
Received Import Request.
  Time since last request: 979.559427 seconds.
  path: Assets/Tiles/Tile.prefab
  artifactKey: Guid(6b44cbedbd065754ebe48eb73d1fff5f) Importer(815301076,1909f56bfc062723c751e8b465ee728b)
Start importing Assets/Tiles/Tile.prefab using Guid(6b44cbedbd065754ebe48eb73d1fff5f) Importer(815301076,1909f56bfc062723c751e8b465ee728b)  -> (artifact id: 'b3c04c6a62c061a4894c75d01b27499e') in 0.112340 seconds
  Import took 0.116355 seconds .

========================================================================
Received Import Request.
  Time since last request: 20.162668 seconds.
  path: Assets/Tiles/Tile_StraightRoad.prefab
  artifactKey: Guid(987a408b46375674c968f4f30ac4e885) Importer(815301076,1909f56bfc062723c751e8b465ee728b)
Start importing Assets/Tiles/Tile_StraightRoad.prefab using Guid(987a408b46375674c968f4f30ac4e885) Importer(815301076,1909f56bfc062723c751e8b465ee728b)  -> (artifact id: '53410905425fcb65299bab3eeef694ab') in 0.038290 seconds
  Import took 0.041348 seconds .

========================================================================
Received Import Request.
  Time since last request: 23.416358 seconds.
  path: Assets/Tiles/Tile_StraightRoad.prefab
  artifactKey: Guid(987a408b46375674c968f4f30ac4e885) Importer(815301076,1909f56bfc062723c751e8b465ee728b)
Start importing Assets/Tiles/Tile_StraightRoad.prefab using Guid(987a408b46375674c968f4f30ac4e885) Importer(815301076,1909f56bfc062723c751e8b465ee728b)  -> (artifact id: 'c6a865bbab5473f42e6c29f5d7bfd841') in 0.296100 seconds
  Import took 0.298809 seconds .

========================================================================
Received Import Request.
  Time since last request: 6.767691 seconds.
  path: Assets/Tiles/Tile_StraightRoad.prefab
  artifactKey: Guid(987a408b46375674c968f4f30ac4e885) Importer(815301076,1909f56bfc062723c751e8b465ee728b)
Start importing Assets/Tiles/Tile_StraightRoad.prefab using Guid(987a408b46375674c968f4f30ac4e885) Importer(815301076,1909f56bfc062723c751e8b465ee728b)  -> (artifact id: 'db6e18440c1552bc588fe08d80c4278f') in 0.056435 seconds
  Import took 0.059203 seconds .

========================================================================
Received Import Request.
  Time since last request: 10.960192 seconds.
  path: Assets/Tiles/Tile_StraightRoad.prefab
  artifactKey: Guid(987a408b46375674c968f4f30ac4e885) Importer(815301076,1909f56bfc062723c751e8b465ee728b)
Start importing Assets/Tiles/Tile_StraightRoad.prefab using Guid(987a408b46375674c968f4f30ac4e885) Importer(815301076,1909f56bfc062723c751e8b465ee728b)  -> (artifact id: 'eea0e31b4d3faab95628584225c44817') in 0.064000 seconds
  Import took 0.066482 seconds .

========================================================================
Received Import Request.
  Time since last request: 5.195679 seconds.
  path: Assets/Tiles/Tile_StraightRoad.prefab
  artifactKey: Guid(987a408b46375674c968f4f30ac4e885) Importer(815301076,1909f56bfc062723c751e8b465ee728b)
Start importing Assets/Tiles/Tile_StraightRoad.prefab using Guid(987a408b46375674c968f4f30ac4e885) Importer(815301076,1909f56bfc062723c751e8b465ee728b)  -> (artifact id: '900bfb036ffca2fa4c9f6a8b29ba7b28') in 0.047010 seconds
  Import took 0.050368 seconds .

========================================================================
Received Import Request.
  Time since last request: 18.393494 seconds.
  path: Assets/Tiles/Tile_StraightRoad.prefab
  artifactKey: Guid(987a408b46375674c968f4f30ac4e885) Importer(815301076,1909f56bfc062723c751e8b465ee728b)
Start importing Assets/Tiles/Tile_StraightRoad.prefab using Guid(987a408b46375674c968f4f30ac4e885) Importer(815301076,1909f56bfc062723c751e8b465ee728b)  -> (artifact id: '4330caa87c75528ce7edc6f2393d38aa') in 0.061701 seconds
  Import took 0.065070 seconds .

========================================================================
Received Import Request.
  Time since last request: 9.850596 seconds.
  path: Assets/Tiles/Tile_StraightRoad.prefab
  artifactKey: Guid(987a408b46375674c968f4f30ac4e885) Importer(815301076,1909f56bfc062723c751e8b465ee728b)
Start importing Assets/Tiles/Tile_StraightRoad.prefab using Guid(987a408b46375674c968f4f30ac4e885) Importer(815301076,1909f56bfc062723c751e8b465ee728b)  -> (artifact id: '738ca8b5918c354add1a76047434b23b') in 0.038776 seconds
  Import took 0.041586 seconds .

========================================================================
Received Import Request.
  Time since last request: 22.818030 seconds.
  path: Assets/Tiles/Tile_Corner.prefab
  artifactKey: Guid(6ebbf3a92ec404d43a603fffd7e912cc) Importer(815301076,1909f56bfc062723c751e8b465ee728b)
Start importing Assets/Tiles/Tile_Corner.prefab using Guid(6ebbf3a92ec404d43a603fffd7e912cc) Importer(815301076,1909f56bfc062723c751e8b465ee728b)  -> (artifact id: 'ff3a0159bdecb2f0847338a14af231b6') in 0.060560 seconds
  Import took 0.080716 seconds .

========================================================================
Received Import Request.
  Time since last request: 9.038257 seconds.
  path: Assets/Tiles/Tile_CornerBlock.prefab
  artifactKey: Guid(6ebbf3a92ec404d43a603fffd7e912cc) Importer(815301076,1909f56bfc062723c751e8b465ee728b)
Start importing Assets/Tiles/Tile_CornerBlock.prefab using Guid(6ebbf3a92ec404d43a603fffd7e912cc) Importer(815301076,1909f56bfc062723c751e8b465ee728b)  -> (artifact id: 'ff336cf8964e755013b40a02bb5217fc') in 0.048640 seconds
  Import took 0.052116 seconds .

========================================================================
Received Import Request.
  Time since last request: 8.628389 seconds.
  path: Assets/Tiles/Tile_CornerBlock.prefab
  artifactKey: Guid(6ebbf3a92ec404d43a603fffd7e912cc) Importer(815301076,1909f56bfc062723c751e8b465ee728b)
Start importing Assets/Tiles/Tile_CornerBlock.prefab using Guid(6ebbf3a92ec404d43a603fffd7e912cc) Importer(815301076,1909f56bfc062723c751e8b465ee728b)  -> (artifact id: 'a42716f255159db0b935a3babbd9c2e1') in 0.039013 seconds
  Import took 0.056995 seconds .

========================================================================
Received Import Request.
  Time since last request: 84.946163 seconds.
  path: Assets/Tiles/Tile_RoadCorner.prefab
  artifactKey: Guid(6ebbf3a92ec404d43a603fffd7e912cc) Importer(815301076,1909f56bfc062723c751e8b465ee728b)
Start importing Assets/Tiles/Tile_RoadCorner.prefab using Guid(6ebbf3a92ec404d43a603fffd7e912cc) Importer(815301076,1909f56bfc062723c751e8b465ee728b)  -> (artifact id: '0ec3dc8bb2be06ed25a6d34b6c759cac') in 0.054681 seconds
  Import took 0.057264 seconds .

========================================================================
Received Import Request.
  Time since last request: 10.965573 seconds.
  path: Assets/Tiles/Tile_RoadStraight.prefab
  artifactKey: Guid(987a408b46375674c968f4f30ac4e885) Importer(815301076,1909f56bfc062723c751e8b465ee728b)
Start importing Assets/Tiles/Tile_RoadStraight.prefab using Guid(987a408b46375674c968f4f30ac4e885) Importer(815301076,1909f56bfc062723c751e8b465ee728b)  -> (artifact id: '0a3601beb6cbe6d0109f35fe4861b733') in 0.041017 seconds
  Import took 0.044973 seconds .

========================================================================
Received Import Request.
  Time since last request: 157.187943 seconds.
  path: Assets/Tiles/Tile.prefab
  artifactKey: Guid(6b44cbedbd065754ebe48eb73d1fff5f) Importer(815301076,1909f56bfc062723c751e8b465ee728b)
Start importing Assets/Tiles/Tile.prefab using Guid(6b44cbedbd065754ebe48eb73d1fff5f) Importer(815301076,1909f56bfc062723c751e8b465ee728b)  -> (artifact id: '48cccde4ec9d25d7ceec598f94fc6e0c') in 0.040669 seconds
  Import took 0.043312 seconds .

========================================================================
Received Import Request.
  Time since last request: 0.000209 seconds.
  path: Assets/Tiles/Tile_RoadStraight.prefab
  artifactKey: Guid(987a408b46375674c968f4f30ac4e885) Importer(815301076,1909f56bfc062723c751e8b465ee728b)
Start importing Assets/Tiles/Tile_RoadStraight.prefab using Guid(987a408b46375674c968f4f30ac4e885) Importer(815301076,1909f56bfc062723c751e8b465ee728b)  -> (artifact id: '376b9be4a4c5c13da77b7898d71a1141') in 0.038405 seconds
  Import took 0.041063 seconds .

========================================================================
Received Import Request.
  Time since last request: 0.000336 seconds.
  path: Assets/Tiles/Tile_RoadCorner.prefab
  artifactKey: Guid(6ebbf3a92ec404d43a603fffd7e912cc) Importer(815301076,1909f56bfc062723c751e8b465ee728b)
Start importing Assets/Tiles/Tile_RoadCorner.prefab using Guid(6ebbf3a92ec404d43a603fffd7e912cc) Importer(815301076,1909f56bfc062723c751e8b465ee728b)  -> (artifact id: '97cf8a9e0ecd29a99f7a75e02e83b267') in 0.037624 seconds
  Import took 0.041736 seconds .

========================================================================
Received Import Request.
  Time since last request: 5.482157 seconds.
  path: Assets/Tiles/Tile.prefab
  artifactKey: Guid(6b44cbedbd065754ebe48eb73d1fff5f) Importer(815301076,1909f56bfc062723c751e8b465ee728b)
Start importing Assets/Tiles/Tile.prefab using Guid(6b44cbedbd065754ebe48eb73d1fff5f) Importer(815301076,1909f56bfc062723c751e8b465ee728b)  -> (artifact id: '93a42eff174ec7a5fc6929a7fca338c0') in 0.053689 seconds
  Import took 0.072215 seconds .

========================================================================
Received Import Request.
  Time since last request: 0.000435 seconds.
  path: Assets/Tiles/Tile_RoadStraight.prefab
  artifactKey: Guid(987a408b46375674c968f4f30ac4e885) Importer(815301076,1909f56bfc062723c751e8b465ee728b)
Start importing Assets/Tiles/Tile_RoadStraight.prefab using Guid(987a408b46375674c968f4f30ac4e885) Importer(815301076,1909f56bfc062723c751e8b465ee728b)  -> (artifact id: '47c504344444137cb66ceb61471be2a4') in 0.054448 seconds
  Import took 0.057106 seconds .

========================================================================
Received Import Request.
  Time since last request: 0.000230 seconds.
  path: Assets/Tiles/Tile_RoadCorner.prefab
  artifactKey: Guid(6ebbf3a92ec404d43a603fffd7e912cc) Importer(815301076,1909f56bfc062723c751e8b465ee728b)
Start importing Assets/Tiles/Tile_RoadCorner.prefab using Guid(6ebbf3a92ec404d43a603fffd7e912cc) Importer(815301076,1909f56bfc062723c751e8b465ee728b)  -> (artifact id: 'd8cd7293360f201f622c38ac81af6e76') in 0.043138 seconds
  Import took 0.046521 seconds .

========================================================================
Received Import Request.
  Time since last request: 0.010414 seconds.
  path: Assets/Tiles/Tile_RoadCorner.prefab
  artifactKey: Guid(6ebbf3a92ec404d43a603fffd7e912cc) Importer(815301076,1909f56bfc062723c751e8b465ee728b)
Start importing Assets/Tiles/Tile_RoadCorner.prefab using Guid(6ebbf3a92ec404d43a603fffd7e912cc) Importer(815301076,1909f56bfc062723c751e8b465ee728b)  -> (artifact id: 'd8cd7293360f201f622c38ac81af6e76') in 0.037663 seconds
  Import took 0.042458 seconds .

========================================================================
Received Import Request.
  Time since last request: 0.547575 seconds.
  path: Assets/Tiles/Tile.prefab
  artifactKey: Guid(6b44cbedbd065754ebe48eb73d1fff5f) Importer(815301076,1909f56bfc062723c751e8b465ee728b)
Start importing Assets/Tiles/Tile.prefab using Guid(6b44cbedbd065754ebe48eb73d1fff5f) Importer(815301076,1909f56bfc062723c751e8b465ee728b)  -> (artifact id: '296838a08b45403b6f38bbdeb18a7374') in 0.053309 seconds
  Import took 0.055829 seconds .

========================================================================
Received Import Request.
  Time since last request: 0.000337 seconds.
  path: Assets/Tiles/Tile_RoadStraight.prefab
  artifactKey: Guid(987a408b46375674c968f4f30ac4e885) Importer(815301076,1909f56bfc062723c751e8b465ee728b)
Start importing Assets/Tiles/Tile_RoadStraight.prefab using Guid(987a408b46375674c968f4f30ac4e885) Importer(815301076,1909f56bfc062723c751e8b465ee728b)  -> (artifact id: '4cfaf4ead0909efb0e406c105965cb14') in 0.043680 seconds
  Import took 0.046843 seconds .

========================================================================
Received Import Request.
  Time since last request: 0.000559 seconds.
  path: Assets/Tiles/Tile_RoadCorner.prefab
  artifactKey: Guid(6ebbf3a92ec404d43a603fffd7e912cc) Importer(815301076,1909f56bfc062723c751e8b465ee728b)
Start importing Assets/Tiles/Tile_RoadCorner.prefab using Guid(6ebbf3a92ec404d43a603fffd7e912cc) Importer(815301076,1909f56bfc062723c751e8b465ee728b)  -> (artifact id: 'b124f936610f14547d795cf23a9072cf') in 0.057737 seconds
  Import took 0.062665 seconds .

========================================================================
Received Import Request.
  Time since last request: 2.131129 seconds.
  path: Assets/Tiles/Tile.prefab
  artifactKey: Guid(6b44cbedbd065754ebe48eb73d1fff5f) Importer(815301076,1909f56bfc062723c751e8b465ee728b)
Start importing Assets/Tiles/Tile.prefab using Guid(6b44cbedbd065754ebe48eb73d1fff5f) Importer(815301076,1909f56bfc062723c751e8b465ee728b)  -> (artifact id: '237d647dadd367ddb1b9d8fd05883548') in 0.037350 seconds
  Import took 0.048286 seconds .

========================================================================
Received Import Request.
  Time since last request: 0.000190 seconds.
  path: Assets/Tiles/Tile_RoadStraight.prefab
  artifactKey: Guid(987a408b46375674c968f4f30ac4e885) Importer(815301076,1909f56bfc062723c751e8b465ee728b)
Start importing Assets/Tiles/Tile_RoadStraight.prefab using Guid(987a408b46375674c968f4f30ac4e885) Importer(815301076,1909f56bfc062723c751e8b465ee728b)  -> (artifact id: 'a86084ce93c00d4a1ec8d98a4ecfb37a') in 0.036673 seconds
  Import took 0.039462 seconds .

========================================================================
Received Import Request.
  Time since last request: 0.000198 seconds.
  path: Assets/Tiles/Tile_RoadCorner.prefab
  artifactKey: Guid(6ebbf3a92ec404d43a603fffd7e912cc) Importer(815301076,1909f56bfc062723c751e8b465ee728b)
Start importing Assets/Tiles/Tile_RoadCorner.prefab using Guid(6ebbf3a92ec404d43a603fffd7e912cc) Importer(815301076,1909f56bfc062723c751e8b465ee728b)  -> (artifact id: '5245c2e7274c069c1f24457a08a7332b') in 0.035635 seconds
  Import took 0.038070 seconds .

========================================================================
Received Import Request.
  Time since last request: 12.515413 seconds.
  path: Assets/Tiles/Tile_RoadCorner.prefab
  artifactKey: Guid(6ebbf3a92ec404d43a603fffd7e912cc) Importer(815301076,1909f56bfc062723c751e8b465ee728b)
Start importing Assets/Tiles/Tile_RoadCorner.prefab using Guid(6ebbf3a92ec404d43a603fffd7e912cc) Importer(815301076,1909f56bfc062723c751e8b465ee728b)  -> (artifact id: '59f559dac849fbe40052a40025077a53') in 0.043589 seconds
  Import took 0.048259 seconds .

========================================================================
Received Import Request.
  Time since last request: 4.024076 seconds.
  path: Assets/Tiles/Tile_RoadStraight.prefab
  artifactKey: Guid(987a408b46375674c968f4f30ac4e885) Importer(815301076,1909f56bfc062723c751e8b465ee728b)
Start importing Assets/Tiles/Tile_RoadStraight.prefab using Guid(987a408b46375674c968f4f30ac4e885) Importer(815301076,1909f56bfc062723c751e8b465ee728b)  -> (artifact id: '607ab510c0383b1fc3d351c9d27e7960') in 0.036429 seconds
  Import took 0.038909 seconds .

========================================================================
Received Import Request.
  Time since last request: 2.686855 seconds.
  path: Assets/Tiles/Tile_RoadStraight.prefab
  artifactKey: Guid(987a408b46375674c968f4f30ac4e885) Importer(815301076,1909f56bfc062723c751e8b465ee728b)
Start importing Assets/Tiles/Tile_RoadStraight.prefab using Guid(987a408b46375674c968f4f30ac4e885) Importer(815301076,1909f56bfc062723c751e8b465ee728b)  -> (artifact id: '95afc5382cfeac2af55b94077c65c14b') in 0.035587 seconds
  Import took 0.038490 seconds .

========================================================================
Received Import Request.
  Time since last request: 2.533443 seconds.
  path: Assets/Tiles/Tile_RoadCorner.prefab
  artifactKey: Guid(6ebbf3a92ec404d43a603fffd7e912cc) Importer(815301076,1909f56bfc062723c751e8b465ee728b)
Start importing Assets/Tiles/Tile_RoadCorner.prefab using Guid(6ebbf3a92ec404d43a603fffd7e912cc) Importer(815301076,1909f56bfc062723c751e8b465ee728b)  -> (artifact id: '355d5874b39d14137c064d1ebd125a17') in 0.037538 seconds
  Import took 0.041301 seconds .

========================================================================
Received Import Request.
  Time since last request: 43.108416 seconds.
  path: Assets/Tiles/Tile_RoadStraight90.prefab
  artifactKey: Guid(a305e31f4923f0246a6f9d4e9085e477) Importer(815301076,1909f56bfc062723c751e8b465ee728b)
Start importing Assets/Tiles/Tile_RoadStraight90.prefab using Guid(a305e31f4923f0246a6f9d4e9085e477) Importer(815301076,1909f56bfc062723c751e8b465ee728b)  -> (artifact id: 'f0418df4ddfe0dbe83f425383f56a2b5') in 0.058078 seconds
  Import took 0.061158 seconds .

========================================================================
Received Import Request.
  Time since last request: 5.020411 seconds.
  path: Assets/Tiles/Tile_RoadStraight90.prefab
  artifactKey: Guid(a305e31f4923f0246a6f9d4e9085e477) Importer(815301076,1909f56bfc062723c751e8b465ee728b)
Start importing Assets/Tiles/Tile_RoadStraight90.prefab using Guid(a305e31f4923f0246a6f9d4e9085e477) Importer(815301076,1909f56bfc062723c751e8b465ee728b)  -> (artifact id: '2bc1dce3ec6eda5a4ccf80fef34adab6') in 0.039861 seconds
  Import took 0.042677 seconds .

========================================================================
Received Import Request.
  Time since last request: 1.421787 seconds.
  path: Assets/Tiles/Tile_RoadStraight90.prefab
  artifactKey: Guid(a305e31f4923f0246a6f9d4e9085e477) Importer(815301076,1909f56bfc062723c751e8b465ee728b)
Start importing Assets/Tiles/Tile_RoadStraight90.prefab using Guid(a305e31f4923f0246a6f9d4e9085e477) Importer(815301076,1909f56bfc062723c751e8b465ee728b)  -> (artifact id: '2df763e4f5afc16a1b8e80fed211653b') in 0.041917 seconds
  Import took 0.045865 seconds .

========================================================================
Received Import Request.
  Time since last request: 16.957969 seconds.
  path: Assets/Tiles/Tile_RoadStraight90.prefab
  artifactKey: Guid(a305e31f4923f0246a6f9d4e9085e477) Importer(815301076,1909f56bfc062723c751e8b465ee728b)
Start importing Assets/Tiles/Tile_RoadStraight90.prefab using Guid(a305e31f4923f0246a6f9d4e9085e477) Importer(815301076,1909f56bfc062723c751e8b465ee728b)  -> (artifact id: '41dfb138eebb140a2a4df9ed8505b197') in 0.043371 seconds
  Import took 0.046082 seconds .

========================================================================
Received Import Request.
  Time since last request: 59.839900 seconds.
  path: Assets/Tiles/Tile_RoadCorner90.prefab
  artifactKey: Guid(263312addcce2ad4491b1369332b7edc) Importer(815301076,1909f56bfc062723c751e8b465ee728b)
Start importing Assets/Tiles/Tile_RoadCorner90.prefab using Guid(263312addcce2ad4491b1369332b7edc) Importer(815301076,1909f56bfc062723c751e8b465ee728b)  -> (artifact id: 'be49023f53b0586b9c0906b705715722') in 0.057577 seconds
  Import took 0.068948 seconds .

========================================================================
Received Import Request.
  Time since last request: 0.000750 seconds.
  path: Assets/Tiles/Tile_RoadCorner90.prefab
  artifactKey: Guid(263312addcce2ad4491b1369332b7edc) Importer(815301076,1909f56bfc062723c751e8b465ee728b)
Start importing Assets/Tiles/Tile_RoadCorner90.prefab using Guid(263312addcce2ad4491b1369332b7edc) Importer(815301076,1909f56bfc062723c751e8b465ee728b)  -> (artifact id: 'be49023f53b0586b9c0906b705715722') in 0.037688 seconds
  Import took 0.040546 seconds .

========================================================================
Received Import Request.
  Time since last request: 11.138825 seconds.
  path: Assets/Tiles/Tile_RoadCorner90.prefab
  artifactKey: Guid(263312addcce2ad4491b1369332b7edc) Importer(815301076,1909f56bfc062723c751e8b465ee728b)
Start importing Assets/Tiles/Tile_RoadCorner90.prefab using Guid(263312addcce2ad4491b1369332b7edc) Importer(815301076,1909f56bfc062723c751e8b465ee728b)  -> (artifact id: 'f9bc4925ea68f9edfc1a3d5282ae450f') in 0.041356 seconds
  Import took 0.043920 seconds .

========================================================================
Received Import Request.
  Time since last request: 13.887969 seconds.
  path: Assets/Tiles/Tile_RoadCorner90.prefab
  artifactKey: Guid(263312addcce2ad4491b1369332b7edc) Importer(815301076,1909f56bfc062723c751e8b465ee728b)
Start importing Assets/Tiles/Tile_RoadCorner90.prefab using Guid(263312addcce2ad4491b1369332b7edc) Importer(815301076,1909f56bfc062723c751e8b465ee728b)  -> (artifact id: '4a19d1df8a48a2abdd6c9c0851633d3c') in 0.060297 seconds
  Import took 0.063675 seconds .

========================================================================
Received Import Request.
  Time since last request: 5.743028 seconds.
  path: Assets/Tiles/Tile_RoadCorner90.prefab
  artifactKey: Guid(263312addcce2ad4491b1369332b7edc) Importer(815301076,1909f56bfc062723c751e8b465ee728b)
Start importing Assets/Tiles/Tile_RoadCorner90.prefab using Guid(263312addcce2ad4491b1369332b7edc) Importer(815301076,1909f56bfc062723c751e8b465ee728b)  -> (artifact id: '4c20dc8df6108a75f9339e2c86b09933') in 0.042942 seconds
  Import took 0.052486 seconds .

========================================================================
Received Import Request.
  Time since last request: 54.734997 seconds.
  path: Assets/Tiles/Tile_RoadCorner180.prefab
  artifactKey: Guid(524861ff5c96e6144a8eefb5970e6f58) Importer(815301076,1909f56bfc062723c751e8b465ee728b)
Start importing Assets/Tiles/Tile_RoadCorner180.prefab using Guid(524861ff5c96e6144a8eefb5970e6f58) Importer(815301076,1909f56bfc062723c751e8b465ee728b)  -> (artifact id: 'aacab76a0c1ea3a2908787d5f10606e3') in 0.071074 seconds
  Import took 0.073724 seconds .

========================================================================
Received Import Request.
  Time since last request: 6.843555 seconds.
  path: Assets/Tiles/Tile_RoadCorner180.prefab
  artifactKey: Guid(524861ff5c96e6144a8eefb5970e6f58) Importer(815301076,1909f56bfc062723c751e8b465ee728b)
Start importing Assets/Tiles/Tile_RoadCorner180.prefab using Guid(524861ff5c96e6144a8eefb5970e6f58) Importer(815301076,1909f56bfc062723c751e8b465ee728b)  -> (artifact id: '8ec03722d60f8ad4b30103a0fca7c3ce') in 0.034781 seconds
  Import took 0.037483 seconds .

========================================================================
Received Import Request.
  Time since last request: 3.670602 seconds.
  path: Assets/Tiles/Tile_RoadCorner180.prefab
  artifactKey: Guid(524861ff5c96e6144a8eefb5970e6f58) Importer(815301076,1909f56bfc062723c751e8b465ee728b)
Start importing Assets/Tiles/Tile_RoadCorner180.prefab using Guid(524861ff5c96e6144a8eefb5970e6f58) Importer(815301076,1909f56bfc062723c751e8b465ee728b)  -> (artifact id: '20b596b6011ed44173142ae4f75dfd83') in 0.035513 seconds
  Import took 0.049130 seconds .

========================================================================
Received Import Request.
  Time since last request: 8.958774 seconds.
  path: Assets/Tiles/Tile_RoadCorner180.prefab
  artifactKey: Guid(524861ff5c96e6144a8eefb5970e6f58) Importer(815301076,1909f56bfc062723c751e8b465ee728b)
Start importing Assets/Tiles/Tile_RoadCorner180.prefab using Guid(524861ff5c96e6144a8eefb5970e6f58) Importer(815301076,1909f56bfc062723c751e8b465ee728b)  -> (artifact id: 'c9fbe60f7e7650343b27136276f35be1') in 0.043481 seconds
  Import took 0.046125 seconds .

========================================================================
Received Import Request.
  Time since last request: 37.780703 seconds.
  path: Assets/Tiles/Tile_RoadCorner270.prefab
  artifactKey: Guid(cd2e0f5ee41a99e43910382b0eca7bb8) Importer(815301076,1909f56bfc062723c751e8b465ee728b)
Start importing Assets/Tiles/Tile_RoadCorner270.prefab using Guid(cd2e0f5ee41a99e43910382b0eca7bb8) Importer(815301076,1909f56bfc062723c751e8b465ee728b)  -> (artifact id: '6c02241d389b8b4908316db3d855759d') in 0.054187 seconds
  Import took 0.058825 seconds .

========================================================================
Received Import Request.
  Time since last request: 23.938984 seconds.
  path: Assets/Tiles/Tile_RoadCorner270.prefab
  artifactKey: Guid(cd2e0f5ee41a99e43910382b0eca7bb8) Importer(815301076,1909f56bfc062723c751e8b465ee728b)
Start importing Assets/Tiles/Tile_RoadCorner270.prefab using Guid(cd2e0f5ee41a99e43910382b0eca7bb8) Importer(815301076,1909f56bfc062723c751e8b465ee728b)  -> (artifact id: '18cf6e8a234be78c84ea04c7e551f525') in 0.050823 seconds
  Import took 0.053602 seconds .

========================================================================
Received Import Request.
  Time since last request: 2.741264 seconds.
  path: Assets/Tiles/Tile_RoadCorner270.prefab
  artifactKey: Guid(cd2e0f5ee41a99e43910382b0eca7bb8) Importer(815301076,1909f56bfc062723c751e8b465ee728b)
Start importing Assets/Tiles/Tile_RoadCorner270.prefab using Guid(cd2e0f5ee41a99e43910382b0eca7bb8) Importer(815301076,1909f56bfc062723c751e8b465ee728b)  -> (artifact id: '0cf725f6f26789dc00559b6a02bef3e2') in 0.044753 seconds
  Import took 0.047873 seconds .

========================================================================
Received Import Request.
  Time since last request: 6.040537 seconds.
  path: Assets/Tiles/Tile_RoadCorner270.prefab
  artifactKey: Guid(cd2e0f5ee41a99e43910382b0eca7bb8) Importer(815301076,1909f56bfc062723c751e8b465ee728b)
Start importing Assets/Tiles/Tile_RoadCorner270.prefab using Guid(cd2e0f5ee41a99e43910382b0eca7bb8) Importer(815301076,1909f56bfc062723c751e8b465ee728b)  -> (artifact id: '1674b063b52c4a58fdfb9cc2b888a3ce') in 0.043233 seconds
  Import took 0.053058 seconds .

========================================================================
Received Prepare
Registering precompiled user dll's ...
Registered in 0.000870 seconds.
Begin MonoManager ReloadAssembly
Native extension for WindowsStandalone target not found
Native extension for WebGL target not found
Refreshing native plugins compatible for Editor in 0.33 ms, found 0 plugins.
Preloading 0 native plugins for Editor in 0.00 ms.
Mono: successfully reloaded assembly
- Completed reload, in  0.906 seconds
Platform modules already initialized, skipping
Refreshing native plugins compatible for Editor in 0.25 ms, found 0 plugins.
Preloading 0 native plugins for Editor in 0.00 ms.
Unloading 1113 Unused Serialized files (Serialized files now loaded: 0)
System memory in use before: 62.3 MB.
System memory in use after: 62.4 MB.

Unloading 5 unused Assets to reduce memory usage. Loaded Objects now: 1643.
Total: 1.740700 ms (FindLiveObjects: 0.181700 ms CreateObjectMapping: 0.027800 ms MarkObjects: 1.460100 ms  DeleteObjects: 0.069800 ms)

========================================================================
Received Import Request.
  Time since last request: 1023.474685 seconds.
  path: Assets/Imported/VoxelCastle/Models
  artifactKey: Guid(06cdbb83bf449b949b481f4e3754af14) Importer(815301076,1909f56bfc062723c751e8b465ee728b)
Start importing Assets/Imported/VoxelCastle/Models using Guid(06cdbb83bf449b949b481f4e3754af14) Importer(815301076,1909f56bfc062723c751e8b465ee728b)  -> (artifact id: 'bc719b695955a6824517b5ff7314c28e') in 0.016173 seconds
  Import took 0.019582 seconds .

========================================================================
Received Import Request.
  Time since last request: 0.919134 seconds.
  path: Assets/Imported/VoxelCastle/Models/Road_Corner.png
  artifactKey: Guid(58ef2bf03efe75c4aafe68f1b5af1443) Importer(815301076,1909f56bfc062723c751e8b465ee728b)
Start importing Assets/Imported/VoxelCastle/Models/Road_Corner.png using Guid(58ef2bf03efe75c4aafe68f1b5af1443) Importer(815301076,1909f56bfc062723c751e8b465ee728b)  -> (artifact id: 'f41b228ca795e110ecc141b3a1375222') in 0.095197 seconds
  Import took 0.097939 seconds .

========================================================================
Received Import Request.
  Time since last request: 1.565516 seconds.
  path: Assets/Imported/VoxelCastle/Models/Road_Straight.png
  artifactKey: Guid(3dd9605d2d4e8ba469fa5ddf06423ab3) Importer(815301076,1909f56bfc062723c751e8b465ee728b)
Start importing Assets/Imported/VoxelCastle/Models/Road_Straight.png using Guid(3dd9605d2d4e8ba469fa5ddf06423ab3) Importer(815301076,1909f56bfc062723c751e8b465ee728b)  -> (artifact id: 'b1107f0789089523a16c347aa957ebe7') in 0.018458 seconds
  Import took 0.021666 seconds .

========================================================================
Received Import Request.
  Time since last request: 0.000197 seconds.
  path: Assets/Imported/VoxelCastle/Models/Shore_1.png
  artifactKey: Guid(ffac8a3acbcff404e99171d5439366c1) Importer(815301076,1909f56bfc062723c751e8b465ee728b)
Start importing Assets/Imported/VoxelCastle/Models/Shore_1.png using Guid(ffac8a3acbcff404e99171d5439366c1) Importer(815301076,1909f56bfc062723c751e8b465ee728b)  -> (artifact id: '583444c6f24e8250a24f4f8b223a909d') in 0.012344 seconds
  Import took 0.015246 seconds .

========================================================================
Received Import Request.
  Time since last request: 0.383561 seconds.
  path: Assets/Imported/VoxelCastle/Models/Shore_2.png
  artifactKey: Guid(48723dd47be16a44a99dd60f1da28484) Importer(815301076,1909f56bfc062723c751e8b465ee728b)
Start importing Assets/Imported/VoxelCastle/Models/Shore_2.png using Guid(48723dd47be16a44a99dd60f1da28484) Importer(815301076,1909f56bfc062723c751e8b465ee728b)  -> (artifact id: '17ca8ee175e0495684df0b8321c5ea6b') in 0.027184 seconds
  Import took 0.029573 seconds .

========================================================================
Received Import Request.
  Time since last request: 0.000278 seconds.
  path: Assets/Imported/VoxelCastle/Models/Shore_3.png
  artifactKey: Guid(a7496d0b9261383468e8fed66a40da8d) Importer(815301076,1909f56bfc062723c751e8b465ee728b)
Start importing Assets/Imported/VoxelCastle/Models/Shore_3.png using Guid(a7496d0b9261383468e8fed66a40da8d) Importer(815301076,1909f56bfc062723c751e8b465ee728b)  -> (artifact id: '6386c0de57f6870a16341540e0190802') in 0.036249 seconds
  Import took 0.039274 seconds .

========================================================================
Received Import Request.
  Time since last request: 0.012300 seconds.
  path: Assets/Imported/VoxelCastle/Models/Shore_3.png
  artifactKey: Guid(a7496d0b9261383468e8fed66a40da8d) Importer(815301076,1909f56bfc062723c751e8b465ee728b)
Start importing Assets/Imported/VoxelCastle/Models/Shore_3.png using Guid(a7496d0b9261383468e8fed66a40da8d) Importer(815301076,1909f56bfc062723c751e8b465ee728b)  -> (artifact id: '6386c0de57f6870a16341540e0190802') in 0.009496 seconds
  Import took 0.013424 seconds .

========================================================================
Received Import Request.
  Time since last request: 0.175443 seconds.
  path: Assets/Imported/VoxelCastle/Models/Tower_Left.png
  artifactKey: Guid(284ee0d3ae39dfa4e8149a93e89fc205) Importer(815301076,1909f56bfc062723c751e8b465ee728b)
Start importing Assets/Imported/VoxelCastle/Models/Tower_Left.png using Guid(284ee0d3ae39dfa4e8149a93e89fc205) Importer(815301076,1909f56bfc062723c751e8b465ee728b)  -> (artifact id: 'ac6b6befcc13dec48a4f1001f1505769') in 0.029401 seconds
  Import took 0.032337 seconds .

========================================================================
Received Import Request.
  Time since last request: 0.042502 seconds.
  path: Assets/Imported/VoxelCastle/Models/Tower_Right.png
  artifactKey: Guid(ca298980c5e8df845b53e7c7f434fb11) Importer(815301076,1909f56bfc062723c751e8b465ee728b)
Start importing Assets/Imported/VoxelCastle/Models/Tower_Right.png using Guid(ca298980c5e8df845b53e7c7f434fb11) Importer(815301076,1909f56bfc062723c751e8b465ee728b)  -> (artifact id: '09095bb5fe137e44b5ee001ccd30c565') in 0.029028 seconds
  Import took 0.033038 seconds .

========================================================================
Received Import Request.
  Time since last request: 0.000511 seconds.
  path: Assets/Imported/VoxelCastle/Models/Tower_Standing.png
  artifactKey: Guid(3635acef53183154283781d6989b3681) Importer(815301076,1909f56bfc062723c751e8b465ee728b)
Start importing Assets/Imported/VoxelCastle/Models/Tower_Standing.png using Guid(3635acef53183154283781d6989b3681) Importer(815301076,1909f56bfc062723c751e8b465ee728b)  -> (artifact id: '27beb8c72c8f5b929e099455a46e312e') in 0.036486 seconds
  Import took 0.039835 seconds .

========================================================================
Received Import Request.
  Time since last request: 0.204733 seconds.
  path: Assets/Imported/VoxelCastle/Models/Tower_Straight.png
  artifactKey: Guid(0488743b20db5ba4590965ad3056d5b7) Importer(815301076,1909f56bfc062723c751e8b465ee728b)
Start importing Assets/Imported/VoxelCastle/Models/Tower_Straight.png using Guid(0488743b20db5ba4590965ad3056d5b7) Importer(815301076,1909f56bfc062723c751e8b465ee728b)  -> (artifact id: 'aafe472f8afe2f53456e0c9fbd1a9027') in 0.032785 seconds
  Import took 0.035519 seconds .

========================================================================
Received Import Request.
  Time since last request: 0.000228 seconds.
  path: Assets/Imported/VoxelCastle/Models/Tree_Group.png
  artifactKey: Guid(9acac0d27327d6b49b38bd2c330e319e) Importer(815301076,1909f56bfc062723c751e8b465ee728b)
Start importing Assets/Imported/VoxelCastle/Models/Tree_Group.png using Guid(9acac0d27327d6b49b38bd2c330e319e) Importer(815301076,1909f56bfc062723c751e8b465ee728b)  -> (artifact id: 'c6484085d5cc1ed74fca7dfe75ea6488') in 0.032322 seconds
  Import took 0.034751 seconds .

========================================================================
Received Import Request.
  Time since last request: 0.527830 seconds.
  path: Assets/Imported/VoxelCastle/Models/Tree_Large.png
  artifactKey: Guid(1c85421df3697a743925dbaff78a7643) Importer(815301076,1909f56bfc062723c751e8b465ee728b)
Start importing Assets/Imported/VoxelCastle/Models/Tree_Large.png using Guid(1c85421df3697a743925dbaff78a7643) Importer(815301076,1909f56bfc062723c751e8b465ee728b)  -> (artifact id: 'b65886d6c4a8531cdbaf2faef4b6a7ca') in 0.013682 seconds
  Import took 0.016536 seconds .

========================================================================
Received Import Request.
  Time since last request: 76.624967 seconds.
  path: Assets/Enemy/Ram.prefab
  artifactKey: Guid(3cfd05f350add4f4ab1b37208bd84b20) Importer(815301076,1909f56bfc062723c751e8b465ee728b)
Start importing Assets/Enemy/Ram.prefab using Guid(3cfd05f350add4f4ab1b37208bd84b20) Importer(815301076,1909f56bfc062723c751e8b465ee728b)  -> (artifact id: 'b097aa10877fd210acadc12d7be9a3ee') in 0.057884 seconds
  Import took 0.078235 seconds .

========================================================================
Received Prepare
Registering precompiled user dll's ...
Registered in 0.000840 seconds.
Begin MonoManager ReloadAssembly
Native extension for WindowsStandalone target not found
Native extension for WebGL target not found
Refreshing native plugins compatible for Editor in 0.28 ms, found 0 plugins.
Preloading 0 native plugins for Editor in 0.00 ms.
Mono: successfully reloaded assembly
- Completed reload, in  0.804 seconds
Platform modules already initialized, skipping
Refreshing native plugins compatible for Editor in 0.27 ms, found 0 plugins.
Preloading 0 native plugins for Editor in 0.00 ms.
Unloading 1113 Unused Serialized files (Serialized files now loaded: 0)
System memory in use before: 62.3 MB.
System memory in use after: 62.4 MB.

Unloading 5 unused Assets to reduce memory usage. Loaded Objects now: 1647.
Total: 3.923700 ms (FindLiveObjects: 0.512300 ms CreateObjectMapping: 0.070800 ms MarkObjects: 3.155400 ms  DeleteObjects: 0.180700 ms)

========================================================================
Received Prepare
Registering precompiled user dll's ...
Registered in 0.000818 seconds.
Begin MonoManager ReloadAssembly
Native extension for WindowsStandalone target not found
Native extension for WebGL target not found
Refreshing native plugins compatible for Editor in 0.33 ms, found 0 plugins.
Preloading 0 native plugins for Editor in 0.00 ms.
Mono: successfully reloaded assembly
- Completed reload, in  0.909 seconds
Platform modules already initialized, skipping
Refreshing native plugins compatible for Editor in 0.78 ms, found 0 plugins.
Preloading 0 native plugins for Editor in 0.00 ms.
Unloading 1113 Unused Serialized files (Serialized files now loaded: 0)
System memory in use before: 62.3 MB.
System memory in use after: 62.4 MB.

Unloading 5 unused Assets to reduce memory usage. Loaded Objects now: 1650.
Total: 5.917500 ms (FindLiveObjects: 0.580400 ms CreateObjectMapping: 0.104100 ms MarkObjects: 5.094900 ms  DeleteObjects: 0.132200 ms)

========================================================================
Received Import Request.
  Time since last request: 347.374339 seconds.
  path: Assets/Enemy/Ram.prefab
  artifactKey: Guid(3cfd05f350add4f4ab1b37208bd84b20) Importer(815301076,1909f56bfc062723c751e8b465ee728b)
Start importing Assets/Enemy/Ram.prefab using Guid(3cfd05f350add4f4ab1b37208bd84b20) Importer(815301076,1909f56bfc062723c751e8b465ee728b)  -> (artifact id: 'bb170c6233974a1c774969e8a7cd6362') in 0.165962 seconds
  Import took 0.176719 seconds .

========================================================================
Received Prepare
Registering precompiled user dll's ...
Registered in 0.000719 seconds.
Begin MonoManager ReloadAssembly
Native extension for WindowsStandalone target not found
Native extension for WebGL target not found
Refreshing native plugins compatible for Editor in 0.27 ms, found 0 plugins.
Preloading 0 native plugins for Editor in 0.00 ms.
Mono: successfully reloaded assembly
- Completed reload, in  0.853 seconds
Platform modules already initialized, skipping
Refreshing native plugins compatible for Editor in 0.57 ms, found 0 plugins.
Preloading 0 native plugins for Editor in 0.00 ms.
Unloading 1113 Unused Serialized files (Serialized files now loaded: 0)
System memory in use before: 62.3 MB.
System memory in use after: 62.4 MB.

Unloading 5 unused Assets to reduce memory usage. Loaded Objects now: 1654.
Total: 1.935800 ms (FindLiveObjects: 0.198700 ms CreateObjectMapping: 0.026000 ms MarkObjects: 1.640900 ms  DeleteObjects: 0.069100 ms)

========================================================================
Received Prepare
Registering precompiled user dll's ...
Registered in 0.001077 seconds.
Begin MonoManager ReloadAssembly
Native extension for WindowsStandalone target not found
Native extension for WebGL target not found
Refreshing native plugins compatible for Editor in 0.29 ms, found 0 plugins.
Preloading 0 native plugins for Editor in 0.00 ms.
Mono: successfully reloaded assembly
- Completed reload, in  0.873 seconds
Platform modules already initialized, skipping
Refreshing native plugins compatible for Editor in 0.25 ms, found 0 plugins.
Preloading 0 native plugins for Editor in 0.00 ms.
Unloading 1113 Unused Serialized files (Serialized files now loaded: 0)
System memory in use before: 62.3 MB.
System memory in use after: 62.4 MB.

Unloading 5 unused Assets to reduce memory usage. Loaded Objects now: 1657.
Total: 3.074700 ms (FindLiveObjects: 0.200300 ms CreateObjectMapping: 0.029800 ms MarkObjects: 2.655300 ms  DeleteObjects: 0.186400 ms)

